<?xml version="1.0" encoding="UTF-8"?>
<!-- Generated by org.testng.reporters.JUnitXMLReporter -->
<testsuite ignored="2" hostname="LAPTOP-C12P7LSH" failures="0" tests="2" name="ChromeBrowser" time="22.574" errors="0" timestamp="2025-12-09T16:48:06 IST">
  <testcase classname="testCases.TC_001_AccountRegistrationTest" name="accountCreation" time="2.72"/>
  <testcase classname="testCases.TC_002_LoginTest" name="Login_test" time="1.786"/>
  <testcase classname="testCases.TC_003_LoginDDT" name="Login_validation" time="0.0">
    <ignored/>
  </testcase> <!-- Login_validation -->
  <testcase classname="testCases.TC_004_LogoutTest" name="logoutTest" time="0.0">
    <ignored/>
  </testcase> <!-- logoutTest -->
</testsuite> <!-- ChromeBrowser -->
