<?xml version="1.0" encoding="UTF-8"?>
<!-- Generated by org.testng.reporters.JUnitXMLReporter -->
<testsuite ignored="0" hostname="LAPTOP-C12P7LSH" failures="0" tests="4" name="EdgeTest" time="25.946" errors="0" timestamp="2025-08-31T11:08:43 IST">
  <testcase classname="testCases.TC_007_UpdateAddress" name="UpdateAddress" time="5.741"/>
  <testcase classname="testCases.TC_007_UpdateAddress" name="UpdateAddress" time="4.71"/>
  <testcase classname="testCases.TC_007_UpdateAddress" name="UpdateAddress" time="5.215"/>
  <testcase classname="testCases.TC_007_UpdateAddress" name="UpdateAddress" time="4.806"/>
</testsuite> <!-- EdgeTest -->
