<html>
<head>
<title>TestNG:  EdgeTest</title>
<link href="../testng.css" rel="stylesheet" type="text/css" />
<link href="../my-testng.css" rel="stylesheet" type="text/css" />

<style type="text/css">
.log { display: none;} 
.stack-trace { display: none;} 
</style>
<script type="text/javascript">
<!--
function flip(e) {
  current = e.style.display;
  if (current == 'block') {
    e.style.display = 'none';
    return 0;
  }
  else {
    e.style.display = 'block';
    return 1;
  }
}

function toggleBox(szDivId, elem, msg1, msg2)
{
  var res = -1;  if (document.getElementById) {
    res = flip(document.getElementById(szDivId));
  }
  else if (document.all) {
    // this is the way old msie versions work
    res = flip(document.all[szDivId]);
  }
  if(elem) {
    if(res == 0) elem.innerHTML = msg1; else elem.innerHTML = msg2;
  }

}

function toggleAllBoxes() {
  if (document.getElementsByTagName) {
    d = document.getElementsByTagName('div');
    for (i = 0; i < d.length; i++) {
      if (d[i].className == 'log') {
        flip(d[i]);
      }
    }
  }
}

// -->
</script>

</head>
<body>
<h2 align='center'>EdgeTest</h2><table border='1' align="center">
<tr>
<td>Tests passed/Failed/Skipped:</td><td>16/3/0</td>
</tr><tr>
<td>Started on:</td><td>Mon Dec 08 21:16:12 IST 2025</td>
</tr>
<tr><td>Total time:</td><td>192 seconds (192044 ms)</td>
</tr><tr>
<td>Included groups:</td><td></td>
</tr><tr>
<td>Excluded groups:</td><td></td>
</tr>
</table><p/>
<small><i>(Hover the method name to see the test class name)</i></small><p/>
<table width='100%' border='1' class='invocation-failed'>
<tr><td colspan='4' align='center'><b>FAILED TESTS</b></td></tr>
<tr><td><b>Test method</b></td>
<td><b>Attribute(s)</b></td>
<td width="30%"><b>Exception</b></td>
<td width="10%"><b>Time (seconds)</b></td>
<td><b>Instance</b></td>
</tr>
<tr>
<td title='testCases.TC_003_LoginDDT.Login_validation()'><b>Login_validation</b><br>Test class: testCases.TC_003_LoginDDT<br>Parameters: sada@yahoo.com, Test@123, invalid</td>
<td><div><pre>java.lang.AssertionError: null
	at testCases.TC_003_LoginDDT.Login_validation(TC_003_LoginDDT.java:72)
	at java.base/java.util.ArrayList.forEach(ArrayList.java:1596)
... Removed 31 stack frames</pre></div><a href='#' onClick='toggleBox("stack-trace1112569408", this, "Click to show all stack frames", "Click to hide stack frames")'>Click to show all stack frames</a>
<div class='stack-trace' id='stack-trace1112569408'><pre>java.lang.AssertionError: null
	at org.testng.Assert.fail(Assert.java:111)
	at org.testng.Assert.fail(Assert.java:116)
	at testCases.TC_003_LoginDDT.Login_validation(TC_003_LoginDDT.java:72)
	at java.base/jdk.internal.reflect.DirectMethodHandleAccessor.invoke(DirectMethodHandleAccessor.java:103)
	at java.base/java.lang.reflect.Method.invoke(Method.java:580)
	at org.testng.internal.invokers.MethodInvocationHelper.invokeMethod(MethodInvocationHelper.java:141)
	at org.testng.internal.invokers.TestInvoker.invokeMethod(TestInvoker.java:687)
	at org.testng.internal.invokers.TestInvoker.invokeTestMethod(TestInvoker.java:230)
	at org.testng.internal.invokers.MethodRunner.runInSequence(MethodRunner.java:63)
	at org.testng.internal.invokers.TestInvoker$MethodInvocationAgent.invoke(TestInvoker.java:995)
	at org.testng.internal.invokers.TestInvoker.invokeTestMethods(TestInvoker.java:203)
	at org.testng.internal.invokers.TestMethodWorker.invokeTestMethods(TestMethodWorker.java:154)
	at org.testng.internal.invokers.TestMethodWorker.run(TestMethodWorker.java:134)
	at java.base/java.util.ArrayList.forEach(ArrayList.java:1596)
	at org.testng.TestRunner.privateRun(TestRunner.java:741)
	at org.testng.TestRunner.run(TestRunner.java:616)
	at org.testng.SuiteRunner.runTest(SuiteRunner.java:421)
	at org.testng.SuiteRunner.runSequentially(SuiteRunner.java:413)
	at org.testng.SuiteRunner.privateRun(SuiteRunner.java:373)
	at org.testng.SuiteRunner.run(SuiteRunner.java:312)
	at org.testng.SuiteRunnerWorker.runSuite(SuiteRunnerWorker.java:52)
	at org.testng.SuiteRunnerWorker.run(SuiteRunnerWorker.java:95)
	at org.testng.TestNG.runSuitesSequentially(TestNG.java:1274)
	at org.testng.TestNG.runSuitesLocally(TestNG.java:1208)
	at org.testng.TestNG.runSuites(TestNG.java:1112)
	at org.testng.TestNG.run(TestNG.java:1079)
	at org.apache.maven.surefire.testng.TestNGExecutor.run(TestNGExecutor.java:308)
	at org.apache.maven.surefire.testng.TestNGXmlTestSuite.execute(TestNGXmlTestSuite.java:71)
	at org.apache.maven.surefire.testng.TestNGProvider.invoke(TestNGProvider.java:113)
	at org.apache.maven.surefire.booter.ForkedBooter.runSuitesInProcess(ForkedBooter.java:385)
	at org.apache.maven.surefire.booter.ForkedBooter.execute(ForkedBooter.java:162)
	at org.apache.maven.surefire.booter.ForkedBooter.run(ForkedBooter.java:507)
	at org.apache.maven.surefire.booter.ForkedBooter.main(ForkedBooter.java:495)
</pre></div></td>
<td>10</td>
<td>testCases.TC_003_LoginDDT@176b3f44</td></tr>
<tr>
<td title='testCases.TC_003_LoginDDT.Login_validation()'><b>Login_validation</b><br>Test class: testCases.TC_003_LoginDDT<br>Parameters: , 1111uuuu, invalid</td>
<td><div><pre>java.lang.AssertionError: null
	at testCases.TC_003_LoginDDT.Login_validation(TC_003_LoginDDT.java:72)
	at java.base/java.util.ArrayList.forEach(ArrayList.java:1596)
... Removed 31 stack frames</pre></div><a href='#' onClick='toggleBox("stack-trace2082115343", this, "Click to show all stack frames", "Click to hide stack frames")'>Click to show all stack frames</a>
<div class='stack-trace' id='stack-trace2082115343'><pre>java.lang.AssertionError: null
	at org.testng.Assert.fail(Assert.java:111)
	at org.testng.Assert.fail(Assert.java:116)
	at testCases.TC_003_LoginDDT.Login_validation(TC_003_LoginDDT.java:72)
	at java.base/jdk.internal.reflect.DirectMethodHandleAccessor.invoke(DirectMethodHandleAccessor.java:103)
	at java.base/java.lang.reflect.Method.invoke(Method.java:580)
	at org.testng.internal.invokers.MethodInvocationHelper.invokeMethod(MethodInvocationHelper.java:141)
	at org.testng.internal.invokers.TestInvoker.invokeMethod(TestInvoker.java:687)
	at org.testng.internal.invokers.TestInvoker.invokeTestMethod(TestInvoker.java:230)
	at org.testng.internal.invokers.MethodRunner.runInSequence(MethodRunner.java:63)
	at org.testng.internal.invokers.TestInvoker$MethodInvocationAgent.invoke(TestInvoker.java:995)
	at org.testng.internal.invokers.TestInvoker.invokeTestMethods(TestInvoker.java:203)
	at org.testng.internal.invokers.TestMethodWorker.invokeTestMethods(TestMethodWorker.java:154)
	at org.testng.internal.invokers.TestMethodWorker.run(TestMethodWorker.java:134)
	at java.base/java.util.ArrayList.forEach(ArrayList.java:1596)
	at org.testng.TestRunner.privateRun(TestRunner.java:741)
	at org.testng.TestRunner.run(TestRunner.java:616)
	at org.testng.SuiteRunner.runTest(SuiteRunner.java:421)
	at org.testng.SuiteRunner.runSequentially(SuiteRunner.java:413)
	at org.testng.SuiteRunner.privateRun(SuiteRunner.java:373)
	at org.testng.SuiteRunner.run(SuiteRunner.java:312)
	at org.testng.SuiteRunnerWorker.runSuite(SuiteRunnerWorker.java:52)
	at org.testng.SuiteRunnerWorker.run(SuiteRunnerWorker.java:95)
	at org.testng.TestNG.runSuitesSequentially(TestNG.java:1274)
	at org.testng.TestNG.runSuitesLocally(TestNG.java:1208)
	at org.testng.TestNG.runSuites(TestNG.java:1112)
	at org.testng.TestNG.run(TestNG.java:1079)
	at org.apache.maven.surefire.testng.TestNGExecutor.run(TestNGExecutor.java:308)
	at org.apache.maven.surefire.testng.TestNGXmlTestSuite.execute(TestNGXmlTestSuite.java:71)
	at org.apache.maven.surefire.testng.TestNGProvider.invoke(TestNGProvider.java:113)
	at org.apache.maven.surefire.booter.ForkedBooter.runSuitesInProcess(ForkedBooter.java:385)
	at org.apache.maven.surefire.booter.ForkedBooter.execute(ForkedBooter.java:162)
	at org.apache.maven.surefire.booter.ForkedBooter.run(ForkedBooter.java:507)
	at org.apache.maven.surefire.booter.ForkedBooter.main(ForkedBooter.java:495)
</pre></div></td>
<td>10</td>
<td>testCases.TC_003_LoginDDT@176b3f44</td></tr>
<tr>
<td title='testCases.TC_003_LoginDDT.Login_validation()'><b>Login_validation</b><br>Test class: testCases.TC_003_LoginDDT<br>Parameters: aa@yahoo.com, test123, invalid</td>
<td><div><pre>java.lang.AssertionError: null
	at testCases.TC_003_LoginDDT.Login_validation(TC_003_LoginDDT.java:72)
	at java.base/java.util.ArrayList.forEach(ArrayList.java:1596)
... Removed 31 stack frames</pre></div><a href='#' onClick='toggleBox("stack-trace26741311", this, "Click to show all stack frames", "Click to hide stack frames")'>Click to show all stack frames</a>
<div class='stack-trace' id='stack-trace26741311'><pre>java.lang.AssertionError: null
	at org.testng.Assert.fail(Assert.java:111)
	at org.testng.Assert.fail(Assert.java:116)
	at testCases.TC_003_LoginDDT.Login_validation(TC_003_LoginDDT.java:72)
	at java.base/jdk.internal.reflect.DirectMethodHandleAccessor.invoke(DirectMethodHandleAccessor.java:103)
	at java.base/java.lang.reflect.Method.invoke(Method.java:580)
	at org.testng.internal.invokers.MethodInvocationHelper.invokeMethod(MethodInvocationHelper.java:141)
	at org.testng.internal.invokers.TestInvoker.invokeMethod(TestInvoker.java:687)
	at org.testng.internal.invokers.TestInvoker.invokeTestMethod(TestInvoker.java:230)
	at org.testng.internal.invokers.MethodRunner.runInSequence(MethodRunner.java:63)
	at org.testng.internal.invokers.TestInvoker$MethodInvocationAgent.invoke(TestInvoker.java:995)
	at org.testng.internal.invokers.TestInvoker.invokeTestMethods(TestInvoker.java:203)
	at org.testng.internal.invokers.TestMethodWorker.invokeTestMethods(TestMethodWorker.java:154)
	at org.testng.internal.invokers.TestMethodWorker.run(TestMethodWorker.java:134)
	at java.base/java.util.ArrayList.forEach(ArrayList.java:1596)
	at org.testng.TestRunner.privateRun(TestRunner.java:741)
	at org.testng.TestRunner.run(TestRunner.java:616)
	at org.testng.SuiteRunner.runTest(SuiteRunner.java:421)
	at org.testng.SuiteRunner.runSequentially(SuiteRunner.java:413)
	at org.testng.SuiteRunner.privateRun(SuiteRunner.java:373)
	at org.testng.SuiteRunner.run(SuiteRunner.java:312)
	at org.testng.SuiteRunnerWorker.runSuite(SuiteRunnerWorker.java:52)
	at org.testng.SuiteRunnerWorker.run(SuiteRunnerWorker.java:95)
	at org.testng.TestNG.runSuitesSequentially(TestNG.java:1274)
	at org.testng.TestNG.runSuitesLocally(TestNG.java:1208)
	at org.testng.TestNG.runSuites(TestNG.java:1112)
	at org.testng.TestNG.run(TestNG.java:1079)
	at org.apache.maven.surefire.testng.TestNGExecutor.run(TestNGExecutor.java:308)
	at org.apache.maven.surefire.testng.TestNGXmlTestSuite.execute(TestNGXmlTestSuite.java:71)
	at org.apache.maven.surefire.testng.TestNGProvider.invoke(TestNGProvider.java:113)
	at org.apache.maven.surefire.booter.ForkedBooter.runSuitesInProcess(ForkedBooter.java:385)
	at org.apache.maven.surefire.booter.ForkedBooter.execute(ForkedBooter.java:162)
	at org.apache.maven.surefire.booter.ForkedBooter.run(ForkedBooter.java:507)
	at org.apache.maven.surefire.booter.ForkedBooter.main(ForkedBooter.java:495)
</pre></div></td>
<td>10</td>
<td>testCases.TC_003_LoginDDT@176b3f44</td></tr>
</table><p>
<table width='100%' border='1' class='invocation-passed'>
<tr><td colspan='4' align='center'><b>PASSED TESTS</b></td></tr>
<tr><td><b>Test method</b></td>
<td><b>Attribute(s)</b></td>
<td width="30%"><b>Exception</b></td>
<td width="10%"><b>Time (seconds)</b></td>
<td><b>Instance</b></td>
</tr>
<tr>
<td title='testCases.TC_003_LoginDDT.Login_validation()'><b>Login_validation</b><br>Test class: testCases.TC_003_LoginDDT<br>Parameters: anuka@mail.com, test123, Valid</td>
<td></td>
<td>1</td>
<td>testCases.TC_003_LoginDDT@176b3f44</td></tr>
<tr>
<td title='testCases.TC_008_UpdateAddress.UpdateAddress()'><b>UpdateAddress</b><br>Test class: testCases.TC_008_UpdateAddress<br>Parameters: {fname=AAAA, country=India, lname=BBBB, city=FFFFF, postcode=123456, company=CCCC, state=Karnataka, add2=EEEEE, add1=DDDD}</td>
<td></td>
<td>4</td>
<td>testCases.TC_008_UpdateAddress@5d12a356</td></tr>
<tr>
<td title='testCases.TC_005_SearchIphoneTest.SearchIphone()'><b>SearchIphone</b><br>Test class: testCases.TC_005_SearchIphoneTest</td>
<td></td>
<td>4</td>
<td>testCases.TC_005_SearchIphoneTest@421bba99</td></tr>
<tr>
<td title='testCases.TC_013_NewsLetterSubscriptionNo.NewsletterNo()'><b>NewsletterNo</b><br>Test class: testCases.TC_013_NewsLetterSubscriptionNo</td>
<td></td>
<td>2</td>
<td>testCases.TC_013_NewsLetterSubscriptionNo@4b3ed2f0</td></tr>
<tr>
<td title='testCases.TC_002_LoginTest.Login_test()'><b>Login_test</b><br>Test class: testCases.TC_002_LoginTest</td>
<td></td>
<td>1</td>
<td>testCases.TC_002_LoginTest@6dee4f1b</td></tr>
<tr>
<td title='testCases.TC_014_SubmitContactFormP.contactFormPositive()'><b>contactFormPositive</b><br>Test class: testCases.TC_014_SubmitContactFormP</td>
<td></td>
<td>2</td>
<td>testCases.TC_014_SubmitContactFormP@4fad9bb2</td></tr>
<tr>
<td title='testCases.TC_011_LoginDB.loginDataBase()'><b>loginDataBase</b><br>Test class: testCases.TC_011_LoginDB</td>
<td></td>
<td>0</td>
<td>testCases.TC_011_LoginDB@797cf65c</td></tr>
<tr>
<td title='testCases.TC_015_SubmitContactFormN.contactFormPositive()'><b>contactFormPositive</b><br>Test class: testCases.TC_015_SubmitContactFormN</td>
<td></td>
<td>2</td>
<td>testCases.TC_015_SubmitContactFormN@517d4a0d</td></tr>
<tr>
<td title='testCases.TC_003_LoginDDT.Login_validation()'><b>Login_validation</b><br>Test class: testCases.TC_003_LoginDDT<br>Parameters: cnh@mail.com, Test@123, Valid</td>
<td></td>
<td>20</td>
<td>testCases.TC_003_LoginDDT@176b3f44</td></tr>
<tr>
<td title='testCases.TC_003_LoginDDT.Login_validation()'><b>Login_validation</b><br>Test class: testCases.TC_003_LoginDDT<br>Parameters: prakash@mail.com, test123, Valid</td>
<td></td>
<td>4</td>
<td>testCases.TC_003_LoginDDT@176b3f44</td></tr>
<tr>
<td title='testCases.TC_010_ChangePassword.changePassword()'><b>changePassword</b><br>Test class: testCases.TC_010_ChangePassword</td>
<td></td>
<td>3</td>
<td>testCases.TC_010_ChangePassword@66ac5762</td></tr>
<tr>
<td title='testCases.TC_009_EditAccount.editAccount()'><b>editAccount</b><br>Test class: testCases.TC_009_EditAccount</td>
<td></td>
<td>3</td>
<td>testCases.TC_009_EditAccount@134d26af</td></tr>
<tr>
<td title='testCases.TC_012_NewsLetterSubscriptionYes.NewsletterYes()'><b>NewsletterYes</b><br>Test class: testCases.TC_012_NewsLetterSubscriptionYes</td>
<td></td>
<td>2</td>
<td>testCases.TC_012_NewsLetterSubscriptionYes@31bcf236</td></tr>
<tr>
<td title='testCases.TC_001_AccountRegistrationTest.accountCreation()'><b>accountCreation</b><br>Test class: testCases.TC_001_AccountRegistrationTest</td>
<td></td>
<td>6</td>
<td>testCases.TC_001_AccountRegistrationTest@4748a0f9</td></tr>
<tr>
<td title='testCases.TC_008_UpdateAddress.UpdateAddress()'><b>UpdateAddress</b><br>Test class: testCases.TC_008_UpdateAddress<br>Parameters: {fname=aaa, country=India, lname=bbb, city=ffff, postcode=222222, company=acc, state=Karnataka, add2=eeeee, add1=ddddd}</td>
<td></td>
<td>5</td>
<td>testCases.TC_008_UpdateAddress@5d12a356</td></tr>
<tr>
<td title='testCases.TC_004_LogoutTest.logoutTest()'><b>logoutTest</b><br>Test class: testCases.TC_004_LogoutTest</td>
<td></td>
<td>1</td>
<td>testCases.TC_004_LogoutTest@6ee6f53</td></tr>
</table><p>
</body>
</html>