<?xml version="1.0" encoding="UTF-8"?>
<!-- Generated by org.testng.reporters.JUnitXMLReporter -->
<testsuite ignored="0" hostname="LAPTOP-C12P7LSH" failures="1" tests="1" name="EdgeTest" time="13.846" errors="0" timestamp="2025-12-16T22:00:12 IST">
  <testcase classname="testCases.TC_018_GetAllDesktops" name="displayAllDesktops" time="8.67">
    <failure type="java.lang.AssertionError" message="expected [false] but found [true]">
      <![CDATA[java.lang.AssertionError: expected [false] but found [true]
at testCases.TC_018_GetAllDesktops.displayAllDesktops(TC_018_GetAllDesktops.java:45)
at java.base/java.util.ArrayList.forEach(ArrayList.java:1596)
... Removed 33 stack frames]]>
    </failure>
  </testcase> <!-- displayAllDesktops -->
</testsuite> <!-- EdgeTest -->
