<?xml version="1.0" encoding="UTF-8"?>
<!-- Generated by org.testng.reporters.JUnitXMLReporter -->
<testsuite ignored="0" hostname="LAPTOP-C12P7LSH" failures="0" tests="4" name="EdgeTest" time="20.31" errors="0" timestamp="2025-12-31T19:12:11 IST">
  <testcase classname="testCases.TC_019_LoginTestValidAndInvalidCred" name="ValidLoginTest" time="1.9"/>
  <testcase classname="testCases.TC_019_LoginTestValidAndInvalidCred" name="ValidLoginTest" time="0.003"/>
  <testcase classname="testCases.TC_019_LoginTestValidAndInvalidCred" name="InvalidLoginTest" time="0.0"/>
  <testcase classname="testCases.TC_019_LoginTestValidAndInvalidCred" name="InvalidLoginTest" time="1.124"/>
</testsuite> <!-- EdgeTest -->
