<?xml version="1.0" encoding="UTF-8"?>
<!-- Generated by org.testng.reporters.JUnitXMLReporter -->
<testsuite ignored="2" hostname="LAPTOP-C12P7LSH" failures="1" tests="2" name="EdgeBrowser" time="26.855" errors="0" timestamp="2025-12-09T16:32:50 IST">
  <testcase classname="testCases.TC_005_SearchIphoneTest" name="SearchIphone" time="5.105"/>
  <testcase classname="testCases.TC_006_ValidateProductInWishlsit" name="wishListValidation" time="13.859">
    <failure type="java.lang.AssertionError" message="null">
      <![CDATA[java.lang.AssertionError: null
at testCases.TC_006_ValidateProductInWishlsit.wishListValidation(TC_006_ValidateProductInWishlsit.java:54)
at java.base/java.util.ArrayList.forEach(ArrayList.java:1596)
... Removed 31 stack frames]]>
    </failure>
  </testcase> <!-- wishListValidation -->
  <testcase classname="testCases.TC_008_UpdateAddress" name="UpdateAddress" time="0.0">
    <ignored/>
  </testcase> <!-- UpdateAddress -->
  <testcase classname="testCases.TC_007_UpdateAddress" name="UpdateAddress" time="0.0">
    <ignored/>
  </testcase> <!-- UpdateAddress -->
</testsuite> <!-- EdgeBrowser -->
