<?xml version="1.0" encoding="UTF-8"?>
<!-- Generated by org.testng.reporters.JUnitXMLReporter -->
<testsuite ignored="0" hostname="LAPTOP-C12P7LSH" failures="1" tests="4" name="EdgeTest" time="7.893" errors="0" timestamp="2025-12-18T13:10:53 IST">
  <testcase classname="testCases.TC_018_GetAllDesktops" name="displayAllDesktops" time="0.556">
    <skipped/>
  </testcase> <!-- displayAllDesktops -->
  <testcase classname="testCases.TC_018_GetAllDesktops" name="displayAllDesktops" time="0.488">
    <skipped/>
  </testcase> <!-- displayAllDesktops -->
  <testcase classname="testCases.TC_018_GetAllDesktops" name="displayAllDesktops" time="0.381">
    <skipped/>
  </testcase> <!-- displayAllDesktops -->
  <testcase classname="testCases.TC_018_GetAllDesktops" name="displayAllDesktops" time="0.431">
    <failure type="java.lang.AssertionError" message="expected [true] but found [false]">
      <![CDATA[java.lang.AssertionError: expected [true] but found [false]
at testCases.TC_018_GetAllDesktops.displayAllDesktops(TC_018_GetAllDesktops.java:31)
at java.base/java.util.ArrayList.forEach(ArrayList.java:1596)
... Removed 33 stack frames]]>
    </failure>
  </testcase> <!-- displayAllDesktops -->
</testsuite> <!-- EdgeTest -->
