<?xml version="1.0" encoding="UTF-8"?>
<!-- Generated by org.testng.reporters.JUnitXMLReporter -->
<testsuite ignored="0" hostname="LAPTOP-C12P7LSH" failures="3" tests="19" name="EdgeTest" time="192.044" errors="0" timestamp="2025-12-08T21:19:25 IST">
  <testcase classname="testCases.TC_001_AccountRegistrationTest" name="accountCreation" time="6.503"/>
  <testcase classname="testCases.TC_002_LoginTest" name="Login_test" time="1.529"/>
  <testcase classname="testCases.TC_003_LoginDDT" name="Login_validation" time="20.956"/>
  <testcase classname="testCases.TC_003_LoginDDT" name="Login_validation" time="4.162"/>
  <testcase classname="testCases.TC_003_LoginDDT" name="Login_validation" time="1.64"/>
  <testcase classname="testCases.TC_003_LoginDDT" name="Login_validation" time="10.066">
    <failure type="java.lang.AssertionError" message="null">
      <![CDATA[java.lang.AssertionError: null
at testCases.TC_003_LoginDDT.Login_validation(TC_003_LoginDDT.java:72)
at java.base/java.util.ArrayList.forEach(ArrayList.java:1596)
... Removed 31 stack frames]]>
    </failure>
  </testcase> <!-- Login_validation -->
  <testcase classname="testCases.TC_003_LoginDDT" name="Login_validation" time="10.1">
    <failure type="java.lang.AssertionError" message="null">
      <![CDATA[java.lang.AssertionError: null
at testCases.TC_003_LoginDDT.Login_validation(TC_003_LoginDDT.java:72)
at java.base/java.util.ArrayList.forEach(ArrayList.java:1596)
... Removed 31 stack frames]]>
    </failure>
  </testcase> <!-- Login_validation -->
  <testcase classname="testCases.TC_003_LoginDDT" name="Login_validation" time="10.05">
    <failure type="java.lang.AssertionError" message="null">
      <![CDATA[java.lang.AssertionError: null
at testCases.TC_003_LoginDDT.Login_validation(TC_003_LoginDDT.java:72)
at java.base/java.util.ArrayList.forEach(ArrayList.java:1596)
... Removed 31 stack frames]]>
    </failure>
  </testcase> <!-- Login_validation -->
  <testcase classname="testCases.TC_004_LogoutTest" name="logoutTest" time="1.843"/>
  <testcase classname="testCases.TC_005_SearchIphoneTest" name="SearchIphone" time="4.172"/>
  <testcase classname="testCases.TC_008_UpdateAddress" name="UpdateAddress" time="5.34"/>
  <testcase classname="testCases.TC_008_UpdateAddress" name="UpdateAddress" time="4.245"/>
  <testcase classname="testCases.TC_009_EditAccount" name="editAccount" time="3.23"/>
  <testcase classname="testCases.TC_010_ChangePassword" name="changePassword" time="3.02"/>
  <testcase classname="testCases.TC_011_LoginDB" name="loginDataBase" time="0.939"/>
  <testcase classname="testCases.TC_012_NewsLetterSubscriptionYes" name="NewsletterYes" time="2.74"/>
  <testcase classname="testCases.TC_013_NewsLetterSubscriptionNo" name="NewsletterNo" time="2.275"/>
  <testcase classname="testCases.TC_014_SubmitContactFormP" name="contactFormPositive" time="2.081"/>
  <testcase classname="testCases.TC_015_SubmitContactFormN" name="contactFormPositive" time="2.28"/>
</testsuite> <!-- EdgeTest -->
