<?xml version="1.0" encoding="UTF-8"?>
<!-- Generated by org.testng.reporters.JUnitXMLReporter -->
<testsuite ignored="0" hostname="LAPTOP-C12P7LSH" failures="0" tests="4" name="FireFoxBrowser" time="27.016" errors="0" timestamp="2025-12-09T16:33:30 IST">
  <testcase classname="testCases.TC_013_NewsLetterSubscriptionNo" name="NewsletterNo" time="2.722"/>
  <testcase classname="testCases.TC_014_SubmitContactFormP" name="contactFormPositive" time="2.485"/>
  <testcase classname="testCases.TC_015_SubmitContactFormN" name="contactFormPositive" time="3.053"/>
  <testcase classname="testCases.TC_016_ReturnProduct" name="returnProduct" time="5.101"/>
</testsuite> <!-- FireFoxBrowser -->
