<?xml version="1.0" encoding="UTF-8"?>
<!-- Generated by org.testng.reporters.JUnitXMLReporter -->
<testsuite ignored="2" hostname="LAPTOP-C12P7LSH" failures="0" tests="2" name="SafariBrowser" time="12.738" errors="0" timestamp="2025-12-09T16:33:03 IST">
  <testcase classname="testCases.TC_010_ChangePassword" name="changePassword" time="3.628"/>
  <testcase classname="testCases.TC_012_NewsLetterSubscriptionYes" name="NewsletterYes" time="2.939"/>
  <testcase classname="testCases.TC_011_LoginDB" name="loginDataBase" time="0.0">
    <ignored/>
  </testcase> <!-- loginDataBase -->
  <testcase classname="testCases.TC_009_EditAccount" name="editAccount" time="0.0">
    <ignored/>
  </testcase> <!-- editAccount -->
</testsuite> <!-- SafariBrowser -->
