<?xml version="1.0" encoding="UTF-8"?>
<testng-results ignored="0" total="4" passed="4" failed="0" skipped="0">
  <reporter-output>
  </reporter-output>
  <suite started-at="2025-12-24T09:54:49 IST" name="Suite" finished-at="2025-12-24T09:54:56 IST" duration-ms="7103">
    <groups>
    </groups>
    <test started-at="2025-12-24T09:54:49 IST" name="EdgeTest" finished-at="2025-12-24T09:54:56 IST" duration-ms="7103">
      <class name="testCases.TC_019_LoginTestValidAndInvalidCred">
        <test-method is-config="true" signature="setUp(java.lang.String,java.lang.String)[pri:0, instance:testCases.TC_019_LoginTestValidAndInvalidCred@6995bf68]" started-at="2025-12-24T09:54:49 IST" name="setUp" finished-at="2025-12-24T09:54:52 IST" duration-ms="2732" status="PASS">
          <params>
            <param index="0">
              <value>
                <![CDATA[Windows]]>
              </value>
            </param>
            <param index="1">
              <value>
                <![CDATA[Chrome]]>
              </value>
            </param>
          </params>
          <reporter-output>
          </reporter-output>
        </test-method> <!-- setUp -->
        <test-method signature="ValidLoginTest(java.lang.String,java.lang.String,java.lang.String)[pri:1, instance:testCases.TC_019_LoginTestValidAndInvalidCred@6995bf68]" started-at="2025-12-24T09:54:53 IST" name="ValidLoginTest" data-provider="LoginTestDataValidAndInvalid" finished-at="2025-12-24T09:54:55 IST" duration-ms="2130" status="PASS">
          <params>
            <param index="0">
              <value>
                <![CDATA[cnh@mail.com]]>
              </value>
            </param>
            <param index="1">
              <value>
                <![CDATA[Test@123]]>
              </value>
            </param>
            <param index="2">
              <value>
                <![CDATA[Valid]]>
              </value>
            </param>
          </params>
          <reporter-output>
          </reporter-output>
        </test-method> <!-- ValidLoginTest -->
        <test-method signature="ValidLoginTest(java.lang.String,java.lang.String,java.lang.String)[pri:1, instance:testCases.TC_019_LoginTestValidAndInvalidCred@6995bf68]" started-at="2025-12-24T09:54:55 IST" name="ValidLoginTest" data-provider="LoginTestDataValidAndInvalid" finished-at="2025-12-24T09:54:55 IST" duration-ms="0" status="PASS">
          <params>
            <param index="0">
              <value>
                <![CDATA[snh@gmail.com]]>
              </value>
            </param>
            <param index="1">
              <value>
                <![CDATA[test@123]]>
              </value>
            </param>
            <param index="2">
              <value>
                <![CDATA[Invalid]]>
              </value>
            </param>
          </params>
          <reporter-output>
          </reporter-output>
        </test-method> <!-- ValidLoginTest -->
        <test-method signature="InvalidLoginTest(java.lang.String,java.lang.String,java.lang.String)[pri:2, instance:testCases.TC_019_LoginTestValidAndInvalidCred@6995bf68]" started-at="2025-12-24T09:54:55 IST" name="InvalidLoginTest" data-provider="LoginTestDataValidAndInvalid" finished-at="2025-12-24T09:54:55 IST" duration-ms="1" status="PASS">
          <params>
            <param index="0">
              <value>
                <![CDATA[cnh@mail.com]]>
              </value>
            </param>
            <param index="1">
              <value>
                <![CDATA[Test@123]]>
              </value>
            </param>
            <param index="2">
              <value>
                <![CDATA[Valid]]>
              </value>
            </param>
          </params>
          <reporter-output>
          </reporter-output>
        </test-method> <!-- InvalidLoginTest -->
        <test-method signature="InvalidLoginTest(java.lang.String,java.lang.String,java.lang.String)[pri:2, instance:testCases.TC_019_LoginTestValidAndInvalidCred@6995bf68]" started-at="2025-12-24T09:54:55 IST" name="InvalidLoginTest" data-provider="LoginTestDataValidAndInvalid" finished-at="2025-12-24T09:54:56 IST" duration-ms="1127" status="PASS">
          <params>
            <param index="0">
              <value>
                <![CDATA[snh@gmail.com]]>
              </value>
            </param>
            <param index="1">
              <value>
                <![CDATA[test@123]]>
              </value>
            </param>
            <param index="2">
              <value>
                <![CDATA[Invalid]]>
              </value>
            </param>
          </params>
          <reporter-output>
          </reporter-output>
        </test-method> <!-- InvalidLoginTest -->
        <test-method is-config="true" signature="tearDown()[pri:0, instance:testCases.TC_019_LoginTestValidAndInvalidCred@6995bf68]" started-at="2025-12-24T09:54:56 IST" name="tearDown" finished-at="2025-12-24T09:54:56 IST" duration-ms="141" status="PASS">
          <reporter-output>
          </reporter-output>
        </test-method> <!-- tearDown -->
      </class> <!-- testCases.TC_019_LoginTestValidAndInvalidCred -->
    </test> <!-- EdgeTest -->
  </suite> <!-- Suite -->
</testng-results>
