<?xml version="1.0" encoding="UTF-8"?>
<testng-results ignored="0" total="1" passed="1" failed="0" skipped="0">
  <reporter-output>
  </reporter-output>
  <suite started-at="2025-12-09T17:33:31 IST" name="Suite" finished-at="2025-12-09T17:33:40 IST" duration-ms="9048">
    <groups>
      <group name="Regression">
        <method signature="TC_016_ReturnProduct.returnProduct()[pri:0, instance:testCases.TC_016_ReturnProduct@503ecb24]" name="returnProduct" class="testCases.TC_016_ReturnProduct"/>
      </group> <!-- Regression -->
    </groups>
    <test started-at="2025-12-09T17:33:31 IST" name="EdgeTest" finished-at="2025-12-09T17:33:40 IST" duration-ms="9048">
      <class name="testCases.TC_016_ReturnProduct">
        <test-method is-config="true" signature="setUp(java.lang.String,java.lang.String)[pri:0, instance:testCases.TC_016_ReturnProduct@503ecb24]" started-at="2025-12-09T17:33:31 IST" name="setUp" finished-at="2025-12-09T17:33:34 IST" duration-ms="2880" status="PASS">
          <params>
            <param index="0">
              <value>
                <![CDATA[Windows]]>
              </value>
            </param>
            <param index="1">
              <value>
                <![CDATA[Chrome]]>
              </value>
            </param>
          </params>
          <reporter-output>
          </reporter-output>
        </test-method> <!-- setUp -->
        <test-method signature="returnProduct()[pri:0, instance:testCases.TC_016_ReturnProduct@503ecb24]" started-at="2025-12-09T17:33:34 IST" name="returnProduct" finished-at="2025-12-09T17:33:40 IST" duration-ms="5790" status="PASS">
          <reporter-output>
          </reporter-output>
        </test-method> <!-- returnProduct -->
        <test-method is-config="true" signature="tearDown()[pri:0, instance:testCases.TC_016_ReturnProduct@503ecb24]" started-at="2025-12-09T17:33:40 IST" name="tearDown" finished-at="2025-12-09T17:33:40 IST" duration-ms="210" status="PASS">
          <reporter-output>
          </reporter-output>
        </test-method> <!-- tearDown -->
      </class> <!-- testCases.TC_016_ReturnProduct -->
    </test> <!-- EdgeTest -->
  </suite> <!-- Suite -->
</testng-results>
