<?xml version="1.0" encoding="UTF-8"?>
<testng-results ignored="0" total="4" passed="4" failed="0" skipped="0">
  <reporter-output>
  </reporter-output>
  <suite started-at="2025-08-31T11:08:15 IST" name="Suite" finished-at="2025-08-31T11:08:41 IST" duration-ms="25946">
    <groups>
    </groups>
    <test started-at="2025-08-31T11:08:15 IST" name="EdgeTest" finished-at="2025-08-31T11:08:41 IST" duration-ms="25946">
      <class name="testCases.TC_007_UpdateAddress">
        <test-method is-config="true" signature="setUp(java.lang.String,java.lang.String)[pri:0, instance:testCases.TC_007_UpdateAddress@403f0a22]" started-at="2025-08-31T11:08:16 IST" name="setUp" finished-at="2025-08-31T11:08:19 IST" duration-ms="3763" status="PASS">
          <params>
            <param index="0">
              <value>
                <![CDATA[Windows]]>
              </value>
            </param>
            <param index="1">
              <value>
                <![CDATA[Chrome]]>
              </value>
            </param>
          </params>
          <reporter-output>
          </reporter-output>
        </test-method> <!-- setUp -->
        <test-method signature="UpdateAddress(java.lang.String,java.lang.String,java.lang.String,java.lang.String,java.lang.String,java.lang.String,java.lang.String,java.lang.String,java.lang.String)[pri:0, instance:testCases.TC_007_UpdateAddress@403f0a22]" started-at="2025-08-31T11:08:21 IST" name="UpdateAddress" data-provider="AddressData" finished-at="2025-08-31T11:08:26 IST" duration-ms="5741" status="PASS">
          <params>
            <param index="0">
              <value>
                <![CDATA[Pavan]]>
              </value>
            </param>
            <param index="1">
              <value>
                <![CDATA[K]]>
              </value>
            </param>
            <param index="2">
              <value>
                <![CDATA[Rolls-Royce]]>
              </value>
            </param>
            <param index="3">
              <value>
                <![CDATA[Add1]]>
              </value>
            </param>
            <param index="4">
              <value>
                <![CDATA[Add2]]>
              </value>
            </param>
            <param index="5">
              <value>
                <![CDATA[Pune]]>
              </value>
            </param>
            <param index="6">
              <value>
                <![CDATA[123456]]>
              </value>
            </param>
            <param index="7">
              <value>
                <![CDATA[India]]>
              </value>
            </param>
            <param index="8">
              <value>
                <![CDATA[Karnataka]]>
              </value>
            </param>
          </params>
          <reporter-output>
          </reporter-output>
        </test-method> <!-- UpdateAddress -->
        <test-method signature="UpdateAddress(java.lang.String,java.lang.String,java.lang.String,java.lang.String,java.lang.String,java.lang.String,java.lang.String,java.lang.String,java.lang.String)[pri:0, instance:testCases.TC_007_UpdateAddress@403f0a22]" started-at="2025-08-31T11:08:26 IST" name="UpdateAddress" data-provider="AddressData" finished-at="2025-08-31T11:08:31 IST" duration-ms="4710" status="PASS">
          <params>
            <param index="0">
              <value>
                <![CDATA[Chandan]]>
              </value>
            </param>
            <param index="1">
              <value>
                <![CDATA[E]]>
              </value>
            </param>
            <param index="2">
              <value>
                <![CDATA[Unknown]]>
              </value>
            </param>
            <param index="3">
              <value>
                <![CDATA[Add1]]>
              </value>
            </param>
            <param index="4">
              <value>
                <![CDATA[Add2]]>
              </value>
            </param>
            <param index="5">
              <value>
                <![CDATA[Bang]]>
              </value>
            </param>
            <param index="6">
              <value>
                <![CDATA[321456]]>
              </value>
            </param>
            <param index="7">
              <value>
                <![CDATA[India]]>
              </value>
            </param>
            <param index="8">
              <value>
                <![CDATA[Karnataka]]>
              </value>
            </param>
          </params>
          <reporter-output>
          </reporter-output>
        </test-method> <!-- UpdateAddress -->
        <test-method signature="UpdateAddress(java.lang.String,java.lang.String,java.lang.String,java.lang.String,java.lang.String,java.lang.String,java.lang.String,java.lang.String,java.lang.String)[pri:0, instance:testCases.TC_007_UpdateAddress@403f0a22]" started-at="2025-08-31T11:08:31 IST" name="UpdateAddress" data-provider="AddressData" finished-at="2025-08-31T11:08:36 IST" duration-ms="5215" status="PASS">
          <params>
            <param index="0">
              <value>
                <![CDATA[Girish]]>
              </value>
            </param>
            <param index="1">
              <value>
                <![CDATA[I]]>
              </value>
            </param>
            <param index="2">
              <value>
                <![CDATA[OnePlus]]>
              </value>
            </param>
            <param index="3">
              <value>
                <![CDATA[Add3]]>
              </value>
            </param>
            <param index="4">
              <value>
                <![CDATA[Add4]]>
              </value>
            </param>
            <param index="5">
              <value>
                <![CDATA[Delhi]]>
              </value>
            </param>
            <param index="6">
              <value>
                <![CDATA[678123]]>
              </value>
            </param>
            <param index="7">
              <value>
                <![CDATA[India]]>
              </value>
            </param>
            <param index="8">
              <value>
                <![CDATA[Karnataka]]>
              </value>
            </param>
          </params>
          <reporter-output>
          </reporter-output>
        </test-method> <!-- UpdateAddress -->
        <test-method signature="UpdateAddress(java.lang.String,java.lang.String,java.lang.String,java.lang.String,java.lang.String,java.lang.String,java.lang.String,java.lang.String,java.lang.String)[pri:0, instance:testCases.TC_007_UpdateAddress@403f0a22]" started-at="2025-08-31T11:08:36 IST" name="UpdateAddress" data-provider="AddressData" finished-at="2025-08-31T11:08:41 IST" duration-ms="4806" status="PASS">
          <params>
            <param index="0">
              <value>
                <![CDATA[Hemanth]]>
              </value>
            </param>
            <param index="1">
              <value>
                <![CDATA[H]]>
              </value>
            </param>
            <param index="2">
              <value>
                <![CDATA[Germany]]>
              </value>
            </param>
            <param index="3">
              <value>
                <![CDATA[Add5]]>
              </value>
            </param>
            <param index="4">
              <value>
                <![CDATA[Add5]]>
              </value>
            </param>
            <param index="5">
              <value>
                <![CDATA[Germany]]>
              </value>
            </param>
            <param index="6">
              <value>
                <![CDATA[987654]]>
              </value>
            </param>
            <param index="7">
              <value>
                <![CDATA[India]]>
              </value>
            </param>
            <param index="8">
              <value>
                <![CDATA[Karnataka]]>
              </value>
            </param>
          </params>
          <reporter-output>
          </reporter-output>
        </test-method> <!-- UpdateAddress -->
        <test-method is-config="true" signature="tearDown()[pri:0, instance:testCases.TC_007_UpdateAddress@403f0a22]" started-at="2025-08-31T11:08:41 IST" name="tearDown" finished-at="2025-08-31T11:08:41 IST" duration-ms="298" status="PASS">
          <reporter-output>
          </reporter-output>
        </test-method> <!-- tearDown -->
      </class> <!-- testCases.TC_007_UpdateAddress -->
    </test> <!-- EdgeTest -->
  </suite> <!-- Suite -->
</testng-results>
