<?xml version="1.0" encoding="UTF-8"?>
<testng-results ignored="0" total="1" passed="1" failed="0" skipped="0">
  <reporter-output>
  </reporter-output>
  <suite started-at="2025-08-30T21:08:15 IST" name="Suite" finished-at="2025-08-30T21:08:26 IST" duration-ms="10627">
    <groups>
    </groups>
    <test started-at="2025-08-30T21:08:15 IST" name="EdgeTest" finished-at="2025-08-30T21:08:26 IST" duration-ms="10627">
      <class name="testCases.TC_007_UpdateAddress">
        <test-method is-config="true" signature="setUp(java.lang.String,java.lang.String)[pri:0, instance:testCases.TC_007_UpdateAddress@403f0a22]" started-at="2025-08-30T21:08:16 IST" name="setUp" finished-at="2025-08-30T21:08:22 IST" duration-ms="6419" status="PASS">
          <params>
            <param index="0">
              <value>
                <![CDATA[Windows]]>
              </value>
            </param>
            <param index="1">
              <value>
                <![CDATA[Chrome]]>
              </value>
            </param>
          </params>
          <reporter-output>
          </reporter-output>
        </test-method> <!-- setUp -->
        <test-method signature="UpdateAddress()[pri:0, instance:testCases.TC_007_UpdateAddress@403f0a22]" started-at="2025-08-30T21:08:22 IST" name="UpdateAddress" finished-at="2025-08-30T21:08:26 IST" duration-ms="3914" status="PASS">
          <reporter-output>
          </reporter-output>
        </test-method> <!-- UpdateAddress -->
        <test-method is-config="true" signature="tearDown()[pri:0, instance:testCases.TC_007_UpdateAddress@403f0a22]" started-at="2025-08-30T21:08:26 IST" name="tearDown" finished-at="2025-08-30T21:08:26 IST" duration-ms="176" status="PASS">
          <reporter-output>
          </reporter-output>
        </test-method> <!-- tearDown -->
      </class> <!-- testCases.TC_007_UpdateAddress -->
    </test> <!-- EdgeTest -->
  </suite> <!-- Suite -->
</testng-results>
