<?xml version="1.0" encoding="UTF-8"?>
<testng-results ignored="0" total="1" passed="1" failed="0" skipped="0">
  <reporter-output>
  </reporter-output>
  <suite started-at="2025-12-11T17:03:50 IST" name="Suite" finished-at="2025-12-11T17:06:02 IST" duration-ms="131988">
    <groups>
    </groups>
    <test started-at="2025-12-11T17:03:50 IST" name="EdgeTest" finished-at="2025-12-11T17:06:02 IST" duration-ms="131988">
      <class name="testCases.TC_017_OrderHistory">
        <test-method is-config="true" signature="setUp(java.lang.String,java.lang.String)[pri:0, instance:testCases.TC_017_OrderHistory@503ecb24]" started-at="2025-12-11T17:03:50 IST" name="setUp" finished-at="2025-12-11T17:05:54 IST" duration-ms="123270" status="PASS">
          <params>
            <param index="0">
              <value>
                <![CDATA[Windows]]>
              </value>
            </param>
            <param index="1">
              <value>
                <![CDATA[Chrome]]>
              </value>
            </param>
          </params>
          <reporter-output>
          </reporter-output>
        </test-method> <!-- setUp -->
        <test-method signature="orderHistoryCheck()[pri:0, instance:testCases.TC_017_OrderHistory@503ecb24]" started-at="2025-12-11T17:05:54 IST" name="orderHistoryCheck" finished-at="2025-12-11T17:06:02 IST" duration-ms="8238" status="PASS">
          <reporter-output>
          </reporter-output>
        </test-method> <!-- orderHistoryCheck -->
        <test-method is-config="true" signature="tearDown()[pri:0, instance:testCases.TC_017_OrderHistory@503ecb24]" started-at="2025-12-11T17:06:02 IST" name="tearDown" finished-at="2025-12-11T17:06:02 IST" duration-ms="267" status="PASS">
          <reporter-output>
          </reporter-output>
        </test-method> <!-- tearDown -->
      </class> <!-- testCases.TC_017_OrderHistory -->
    </test> <!-- EdgeTest -->
  </suite> <!-- Suite -->
</testng-results>
