<?xml version="1.0" encoding="UTF-8"?>
<testng-results ignored="0" total="1" passed="1" failed="0" skipped="0">
  <reporter-output>
  </reporter-output>
  <suite started-at="2025-12-16T23:03:36 IST" name="Suite" finished-at="2025-12-16T23:03:44 IST" duration-ms="7366">
    <groups>
    </groups>
    <test started-at="2025-12-16T23:03:36 IST" name="EdgeTest" finished-at="2025-12-16T23:03:44 IST" duration-ms="7366">
      <class name="testCases.TC_018_GetAllDesktops">
        <test-method is-config="true" signature="setUp(java.lang.String,java.lang.String)[pri:0, instance:testCases.TC_018_GetAllDesktops@6995bf68]" started-at="2025-12-16T23:03:37 IST" name="setUp" finished-at="2025-12-16T23:03:40 IST" duration-ms="3499" status="PASS">
          <params>
            <param index="0">
              <value>
                <![CDATA[Windows]]>
              </value>
            </param>
            <param index="1">
              <value>
                <![CDATA[Chrome]]>
              </value>
            </param>
          </params>
          <reporter-output>
          </reporter-output>
        </test-method> <!-- setUp -->
        <test-method signature="displayAllDesktops()[pri:0, instance:testCases.TC_018_GetAllDesktops@6995bf68]" started-at="2025-12-16T23:03:40 IST" name="displayAllDesktops" finished-at="2025-12-16T23:03:44 IST" duration-ms="3533" status="PASS">
          <reporter-output>
          </reporter-output>
        </test-method> <!-- displayAllDesktops -->
        <test-method is-config="true" signature="tearDown()[pri:0, instance:testCases.TC_018_GetAllDesktops@6995bf68]" started-at="2025-12-16T23:03:44 IST" name="tearDown" finished-at="2025-12-16T23:03:44 IST" duration-ms="182" status="PASS">
          <reporter-output>
          </reporter-output>
        </test-method> <!-- tearDown -->
      </class> <!-- testCases.TC_018_GetAllDesktops -->
    </test> <!-- EdgeTest -->
  </suite> <!-- Suite -->
</testng-results>
