<?xml version="1.0" encoding="UTF-8"?>
<testng-results ignored="0" total="1" passed="1" failed="0" skipped="0">
  <reporter-output>
  </reporter-output>
  <suite started-at="2025-12-09T21:50:01 IST" name="Suite" finished-at="2025-12-09T21:50:16 IST" duration-ms="14551">
    <groups>
      <group name="Regression">
        <method signature="TC_016_ReturnProduct.returnProduct()[pri:0, instance:testCases.TC_016_ReturnProduct@5143c662]" name="returnProduct" class="testCases.TC_016_ReturnProduct"/>
      </group> <!-- Regression -->
    </groups>
    <test started-at="2025-12-09T21:50:01 IST" name="EdgeTest" finished-at="2025-12-09T21:50:16 IST" duration-ms="14551">
      <class name="testCases.TC_016_ReturnProduct">
        <test-method is-config="true" signature="setUp(java.lang.String,java.lang.String)[pri:0, instance:testCases.TC_016_ReturnProduct@5143c662]" started-at="2025-12-09T21:50:01 IST" name="setUp" finished-at="2025-12-09T21:50:10 IST" duration-ms="8660" status="PASS">
          <params>
            <param index="0">
              <value>
                <![CDATA[Windows]]>
              </value>
            </param>
            <param index="1">
              <value>
                <![CDATA[Chrome]]>
              </value>
            </param>
          </params>
          <reporter-output>
          </reporter-output>
        </test-method> <!-- setUp -->
        <test-method signature="returnProduct()[pri:0, instance:testCases.TC_016_ReturnProduct@5143c662]" started-at="2025-12-09T21:50:10 IST" name="returnProduct" finished-at="2025-12-09T21:50:15 IST" duration-ms="5526" status="PASS">
          <reporter-output>
          </reporter-output>
        </test-method> <!-- returnProduct -->
        <test-method is-config="true" signature="tearDown()[pri:0, instance:testCases.TC_016_ReturnProduct@5143c662]" started-at="2025-12-09T21:50:15 IST" name="tearDown" finished-at="2025-12-09T21:50:16 IST" duration-ms="190" status="PASS">
          <reporter-output>
          </reporter-output>
        </test-method> <!-- tearDown -->
      </class> <!-- testCases.TC_016_ReturnProduct -->
    </test> <!-- EdgeTest -->
  </suite> <!-- Suite -->
</testng-results>
