<?xml version="1.0" encoding="UTF-8"?>
<testng-results ignored="0" total="1" passed="1" failed="0" skipped="0">
  <reporter-output>
  </reporter-output>
  <suite started-at="2025-12-01T11:29:29 IST" name="Suite" finished-at="2025-12-01T11:29:36 IST" duration-ms="7656">
    <groups>
    </groups>
    <test started-at="2025-12-01T11:29:29 IST" name="EdgeTest" finished-at="2025-12-01T11:29:36 IST" duration-ms="7656">
      <class name="testCases.TC_011_LoginDB">
        <test-method is-config="true" signature="setUp(java.lang.String,java.lang.String)[pri:0, instance:testCases.TC_011_LoginDB@5143c662]" started-at="2025-12-01T11:29:29 IST" name="setUp" finished-at="2025-12-01T11:29:31 IST" duration-ms="2565" status="PASS">
          <params>
            <param index="0">
              <value>
                <![CDATA[Windows]]>
              </value>
            </param>
            <param index="1">
              <value>
                <![CDATA[Chrome]]>
              </value>
            </param>
          </params>
          <reporter-output>
          </reporter-output>
        </test-method> <!-- setUp -->
        <test-method signature="loginDataBase()[pri:0, instance:testCases.TC_011_LoginDB@5143c662]" started-at="2025-12-01T11:29:31 IST" name="loginDataBase" finished-at="2025-12-01T11:29:36 IST" duration-ms="4812" status="PASS">
          <reporter-output>
          </reporter-output>
        </test-method> <!-- loginDataBase -->
        <test-method is-config="true" signature="tearDown()[pri:0, instance:testCases.TC_011_LoginDB@5143c662]" started-at="2025-12-01T11:29:36 IST" name="tearDown" finished-at="2025-12-01T11:29:36 IST" duration-ms="150" status="PASS">
          <reporter-output>
          </reporter-output>
        </test-method> <!-- tearDown -->
      </class> <!-- testCases.TC_011_LoginDB -->
    </test> <!-- EdgeTest -->
  </suite> <!-- Suite -->
</testng-results>
