<?xml version="1.0" encoding="UTF-8"?>
<testng-results ignored="0" total="1" passed="1" failed="0" skipped="0">
  <reporter-output>
  </reporter-output>
  <suite started-at="2025-12-18T13:56:57 IST" name="Suite" finished-at="2025-12-18T13:57:02 IST" duration-ms="5156">
    <groups>
      <group name="Smoke">
        <method signature="TC_018_GetAllDesktops.displayAllDesktops()[pri:0, instance:testCases.TC_018_GetAllDesktops@6995bf68]" name="displayAllDesktops" class="testCases.TC_018_GetAllDesktops"/>
      </group> <!-- Smoke -->
    </groups>
    <test started-at="2025-12-18T13:56:57 IST" name="EdgeTest" finished-at="2025-12-18T13:57:02 IST" duration-ms="5156">
      <class name="testCases.TC_018_GetAllDesktops">
        <test-method is-config="true" signature="setUp(java.lang.String,java.lang.String)[pri:0, instance:testCases.TC_018_GetAllDesktops@6995bf68]" started-at="2025-12-18T13:56:57 IST" name="setUp" finished-at="2025-12-18T13:56:59 IST" duration-ms="2473" status="PASS">
          <params>
            <param index="0">
              <value>
                <![CDATA[Windows]]>
              </value>
            </param>
            <param index="1">
              <value>
                <![CDATA[Chrome]]>
              </value>
            </param>
          </params>
          <reporter-output>
          </reporter-output>
        </test-method> <!-- setUp -->
        <test-method signature="displayAllDesktops()[pri:0, instance:testCases.TC_018_GetAllDesktops@6995bf68]" started-at="2025-12-18T13:56:59 IST" name="displayAllDesktops" finished-at="2025-12-18T13:57:02 IST" duration-ms="2411" status="PASS">
          <reporter-output>
          </reporter-output>
        </test-method> <!-- displayAllDesktops -->
        <test-method is-config="true" signature="tearDown()[pri:0, instance:testCases.TC_018_GetAllDesktops@6995bf68]" started-at="2025-12-18T13:57:02 IST" name="tearDown" finished-at="2025-12-18T13:57:02 IST" duration-ms="144" status="PASS">
          <reporter-output>
          </reporter-output>
        </test-method> <!-- tearDown -->
      </class> <!-- testCases.TC_018_GetAllDesktops -->
    </test> <!-- EdgeTest -->
  </suite> <!-- Suite -->
</testng-results>
