<?xml version="1.0" encoding="UTF-8"?>
<testsuite xmlns:xsi="http://www.w3.org/2001/XMLSchema-instance" xsi:noNamespaceSchemaLocation="https://maven.apache.org/surefire/maven-surefire-plugin/xsd/surefire-test-report-3.0.xsd" version="3.0" name="TestSuite" time="10.133" tests="1" errors="0" skipped="0" failures="0">
  <properties>
[...]
</properties>
  <testcase name="wishListValidation" classname="testCases.TC_006_ValidateProductInWishlsit" time="4.634">
    <system-err><![CDATA[2025-08-08T17:33:56.510604700Z main INFO Starting configuration XmlConfiguration[location=D:\Work\AutomationTesting\OpencartV121\target\test-classes\log4j2.xml, lastModified=2025-07-30T16:57:27.574Z]...
2025-08-08T17:33:56.510604700Z main INFO Configuration XmlConfiguration[location=D:\Work\AutomationTesting\OpencartV121\target\test-classes\log4j2.xml, lastModified=2025-07-30T16:57:27.574Z] started.
2025-08-08T17:33:56.510604700Z main INFO Stopping configuration org.apache.logging.log4j.core.config.DefaultConfiguration@7e0b85f9...
2025-08-08T17:33:56.510604700Z main INFO Configuration org.apache.logging.log4j.core.config.DefaultConfiguration@7e0b85f9 stopped.
Aug 08, 2025 11:03:58 PM org.openqa.selenium.devtools.CdpVersionFinder findNearestMatch
WARNING: Unable to find CDP implementation matching 139
Aug 08, 2025 11:03:58 PM org.openqa.selenium.chromium.ChromiumDriver lambda$new$5
WARNING: Unable to find version of CDP to use for 139.0.7258.66. You may need to include a dependency on a specific version of the CDP using something similar to `org.seleniumhq.selenium:selenium-devtools-v86:4.23.0` where the version ("v86") matches the version of the chromium-based browser you're using and the version number of the artifact is the same as Selenium's.
]]></system-err>
  </testcase>
</testsuite>