<?xml version="1.0" encoding="UTF-8"?>
<testng-results ignored="0" total="1" passed="1" failed="0" skipped="0">
  <reporter-output>
  </reporter-output>
  <suite started-at="2026-02-02T19:55:14 IST" name="Suite" finished-at="2026-02-02T19:55:23 IST" duration-ms="8690">
    <groups>
    </groups>
    <test started-at="2026-02-02T19:55:14 IST" name="EdgeTest" finished-at="2026-02-02T19:55:23 IST" duration-ms="8690">
      <class name="testCases.TC_021_MacTest">
        <test-method is-config="true" signature="setUp(java.lang.String,java.lang.String)[pri:0, instance:testCases.TC_021_MacTest@403f0a22]" started-at="2026-02-02T19:55:14 IST" name="setUp" finished-at="2026-02-02T19:55:18 IST" duration-ms="3470" status="PASS">
          <params>
            <param index="0">
              <value>
                <![CDATA[Windows]]>
              </value>
            </param>
            <param index="1">
              <value>
                <![CDATA[Chrome]]>
              </value>
            </param>
          </params>
          <reporter-output>
          </reporter-output>
        </test-method> <!-- setUp -->
        <test-method signature="macProduct()[pri:0, instance:testCases.TC_021_MacTest@403f0a22]" started-at="2026-02-02T19:55:18 IST" name="macProduct" finished-at="2026-02-02T19:55:23 IST" duration-ms="4826" status="PASS">
          <reporter-output>
          </reporter-output>
        </test-method> <!-- macProduct -->
        <test-method is-config="true" signature="tearDown()[pri:0, instance:testCases.TC_021_MacTest@403f0a22]" started-at="2026-02-02T19:55:23 IST" name="tearDown" finished-at="2026-02-02T19:55:23 IST" duration-ms="226" status="PASS">
          <reporter-output>
          </reporter-output>
        </test-method> <!-- tearDown -->
      </class> <!-- testCases.TC_021_MacTest -->
    </test> <!-- EdgeTest -->
  </suite> <!-- Suite -->
</testng-results>
