<?xml version="1.0" encoding="UTF-8"?>
<testng-results ignored="0" total="2" passed="2" failed="0" skipped="0">
  <reporter-output>
  </reporter-output>
  <suite started-at="2025-08-31T22:26:37 IST" name="Suite" finished-at="2025-08-31T22:26:52 IST" duration-ms="15224">
    <groups>
    </groups>
    <test started-at="2025-08-31T22:26:37 IST" name="EdgeTest" finished-at="2025-08-31T22:26:52 IST" duration-ms="15224">
      <class name="testCases.TC_008_UpdateAddress">
        <test-method is-config="true" signature="setUp(java.lang.String,java.lang.String)[pri:0, instance:testCases.TC_008_UpdateAddress@403f0a22]" started-at="2025-08-31T22:26:37 IST" name="setUp" finished-at="2025-08-31T22:26:41 IST" duration-ms="3945" status="PASS">
          <params>
            <param index="0">
              <value>
                <![CDATA[Windows]]>
              </value>
            </param>
            <param index="1">
              <value>
                <![CDATA[Chrome]]>
              </value>
            </param>
          </params>
          <reporter-output>
          </reporter-output>
        </test-method> <!-- setUp -->
        <test-method signature="UpdateAddress(java.util.HashMap)[pri:0, instance:testCases.TC_008_UpdateAddress@403f0a22]" started-at="2025-08-31T22:26:41 IST" name="UpdateAddress" data-provider="AddressData2" finished-at="2025-08-31T22:26:46 IST" duration-ms="5310" status="PASS">
          <params>
            <param index="0">
              <value>
                <![CDATA[{fname=aaa, country=India, lname=bbb, city=ffff, postcode=222222, company=acc, state=Karnataka, add2=eeeee, add1=ddddd}]]>
              </value>
            </param>
          </params>
          <reporter-output>
          </reporter-output>
        </test-method> <!-- UpdateAddress -->
        <test-method signature="UpdateAddress(java.util.HashMap)[pri:0, instance:testCases.TC_008_UpdateAddress@403f0a22]" started-at="2025-08-31T22:26:46 IST" name="UpdateAddress" data-provider="AddressData2" finished-at="2025-08-31T22:26:52 IST" duration-ms="5382" status="PASS">
          <params>
            <param index="0">
              <value>
                <![CDATA[{fname=AAAA, country=India, lname=BBBB, city=FFFFF, postcode=123456, company=CCCC, state=Karnataka, add2=EEEEE, add1=DDDD}]]>
              </value>
            </param>
          </params>
          <reporter-output>
          </reporter-output>
        </test-method> <!-- UpdateAddress -->
        <test-method is-config="true" signature="tearDown()[pri:0, instance:testCases.TC_008_UpdateAddress@403f0a22]" started-at="2025-08-31T22:26:52 IST" name="tearDown" finished-at="2025-08-31T22:26:52 IST" duration-ms="283" status="PASS">
          <reporter-output>
          </reporter-output>
        </test-method> <!-- tearDown -->
      </class> <!-- testCases.TC_008_UpdateAddress -->
    </test> <!-- EdgeTest -->
  </suite> <!-- Suite -->
</testng-results>
