<?xml version="1.0" encoding="UTF-8"?>
<testng-results ignored="0" total="1" passed="1" failed="0" skipped="0">
  <reporter-output>
  </reporter-output>
  <suite started-at="2026-01-09T20:19:44 IST" name="Suite" finished-at="2026-01-09T20:19:54 IST" duration-ms="9569">
    <groups>
    </groups>
    <test started-at="2026-01-09T20:19:44 IST" name="EdgeTest" finished-at="2026-01-09T20:19:54 IST" duration-ms="9569">
      <class name="testCases.TC_020_EditAffiliateInformation">
        <test-method is-config="true" signature="setUp(java.lang.String,java.lang.String)[pri:0, instance:testCases.TC_020_EditAffiliateInformation@4c51cf28]" started-at="2026-01-09T20:19:44 IST" name="setUp" finished-at="2026-01-09T20:19:49 IST" duration-ms="4606" status="PASS">
          <params>
            <param index="0">
              <value>
                <![CDATA[Windows]]>
              </value>
            </param>
            <param index="1">
              <value>
                <![CDATA[Chrome]]>
              </value>
            </param>
          </params>
          <reporter-output>
          </reporter-output>
        </test-method> <!-- setUp -->
        <test-method signature="editAffiliateInformation()[pri:0, instance:testCases.TC_020_EditAffiliateInformation@4c51cf28]" started-at="2026-01-09T20:19:49 IST" name="editAffiliateInformation" finished-at="2026-01-09T20:19:53 IST" duration-ms="4606" status="PASS">
          <reporter-output>
          </reporter-output>
        </test-method> <!-- editAffiliateInformation -->
        <test-method is-config="true" signature="tearDown()[pri:0, instance:testCases.TC_020_EditAffiliateInformation@4c51cf28]" started-at="2026-01-09T20:19:53 IST" name="tearDown" finished-at="2026-01-09T20:19:54 IST" duration-ms="192" status="PASS">
          <reporter-output>
          </reporter-output>
        </test-method> <!-- tearDown -->
      </class> <!-- testCases.TC_020_EditAffiliateInformation -->
    </test> <!-- EdgeTest -->
  </suite> <!-- Suite -->
</testng-results>
