<?xml version="1.0" encoding="UTF-8"?>
<testng-results ignored="0" total="19" passed="16" failed="3" skipped="0">
  <reporter-output>
  </reporter-output>
  <suite started-at="2025-12-08T21:16:12 IST" name="Suite" finished-at="2025-12-08T21:19:24 IST" duration-ms="192044">
    <groups>
      <group name="DataProvider">
        <method signature="TC_003_LoginDDT.Login_validation(java.lang.String,java.lang.String,java.lang.String)[pri:0, instance:testCases.TC_003_LoginDDT@176b3f44]" name="Login_validation" class="testCases.TC_003_LoginDDT"/>
      </group> <!-- DataProvider -->
      <group name="Master">
        <method signature="TC_001_AccountRegistrationTest.accountCreation()[pri:0, instance:testCases.TC_001_AccountRegistrationTest@4748a0f9]" name="accountCreation" class="testCases.TC_001_AccountRegistrationTest"/>
        <method signature="TC_002_LoginTest.Login_test()[pri:0, instance:testCases.TC_002_LoginTest@6dee4f1b]" name="Login_test" class="testCases.TC_002_LoginTest"/>
        <method signature="TC_005_SearchIphoneTest.SearchIphone()[pri:0, instance:testCases.TC_005_SearchIphoneTest@421bba99]" name="SearchIphone" class="testCases.TC_005_SearchIphoneTest"/>
      </group> <!-- Master -->
      <group name="Sanity">
        <method signature="TC_001_AccountRegistrationTest.accountCreation()[pri:0, instance:testCases.TC_001_AccountRegistrationTest@4748a0f9]" name="accountCreation" class="testCases.TC_001_AccountRegistrationTest"/>
      </group> <!-- Sanity -->
      <group name="Regression">
        <method signature="TC_002_LoginTest.Login_test()[pri:0, instance:testCases.TC_002_LoginTest@6dee4f1b]" name="Login_test" class="testCases.TC_002_LoginTest"/>
        <method signature="TC_005_SearchIphoneTest.SearchIphone()[pri:0, instance:testCases.TC_005_SearchIphoneTest@421bba99]" name="SearchIphone" class="testCases.TC_005_SearchIphoneTest"/>
      </group> <!-- Regression -->
    </groups>
    <test started-at="2025-12-08T21:16:12 IST" name="EdgeTest" finished-at="2025-12-08T21:19:24 IST" duration-ms="192044">
      <class name="testCases.TC_005_SearchIphoneTest">
        <test-method is-config="true" signature="setUp(java.lang.String,java.lang.String)[pri:0, instance:testCases.TC_005_SearchIphoneTest@421bba99]" started-at="2025-12-08T21:18:17 IST" name="setUp" finished-at="2025-12-08T21:18:23 IST" duration-ms="5928" status="PASS">
          <params>
            <param index="0">
              <value>
                <![CDATA[Windows]]>
              </value>
            </param>
            <param index="1">
              <value>
                <![CDATA[Chrome]]>
              </value>
            </param>
          </params>
          <reporter-output>
          </reporter-output>
        </test-method> <!-- setUp -->
        <test-method signature="SearchIphone()[pri:0, instance:testCases.TC_005_SearchIphoneTest@421bba99]" started-at="2025-12-08T21:18:23 IST" name="SearchIphone" finished-at="2025-12-08T21:18:27 IST" duration-ms="4172" status="PASS">
          <reporter-output>
          </reporter-output>
        </test-method> <!-- SearchIphone -->
        <test-method is-config="true" signature="tearDown()[pri:0, instance:testCases.TC_005_SearchIphoneTest@421bba99]" started-at="2025-12-08T21:18:27 IST" name="tearDown" finished-at="2025-12-08T21:18:27 IST" duration-ms="153" status="PASS">
          <reporter-output>
          </reporter-output>
        </test-method> <!-- tearDown -->
      </class> <!-- testCases.TC_005_SearchIphoneTest -->
      <class name="testCases.TC_013_NewsLetterSubscriptionNo">
        <test-method is-config="true" signature="setUp(java.lang.String,java.lang.String)[pri:0, instance:testCases.TC_013_NewsLetterSubscriptionNo@4b3ed2f0]" started-at="2025-12-08T21:19:07 IST" name="setUp" finished-at="2025-12-08T21:19:11 IST" duration-ms="3731" status="PASS">
          <params>
            <param index="0">
              <value>
                <![CDATA[Windows]]>
              </value>
            </param>
            <param index="1">
              <value>
                <![CDATA[Chrome]]>
              </value>
            </param>
          </params>
          <reporter-output>
          </reporter-output>
        </test-method> <!-- setUp -->
        <test-method signature="NewsletterNo()[pri:0, instance:testCases.TC_013_NewsLetterSubscriptionNo@4b3ed2f0]" started-at="2025-12-08T21:19:11 IST" name="NewsletterNo" finished-at="2025-12-08T21:19:13 IST" duration-ms="2275" status="PASS">
          <reporter-output>
          </reporter-output>
        </test-method> <!-- NewsletterNo -->
        <test-method is-config="true" signature="tearDown()[pri:0, instance:testCases.TC_013_NewsLetterSubscriptionNo@4b3ed2f0]" started-at="2025-12-08T21:19:13 IST" name="tearDown" finished-at="2025-12-08T21:19:14 IST" duration-ms="162" status="PASS">
          <reporter-output>
          </reporter-output>
        </test-method> <!-- tearDown -->
      </class> <!-- testCases.TC_013_NewsLetterSubscriptionNo -->
      <class name="testCases.TC_002_LoginTest">
        <test-method is-config="true" signature="setUp(java.lang.String,java.lang.String)[pri:0, instance:testCases.TC_002_LoginTest@6dee4f1b]" started-at="2025-12-08T21:16:39 IST" name="setUp" finished-at="2025-12-08T21:16:50 IST" duration-ms="10818" status="PASS">
          <params>
            <param index="0">
              <value>
                <![CDATA[Windows]]>
              </value>
            </param>
            <param index="1">
              <value>
                <![CDATA[Chrome]]>
              </value>
            </param>
          </params>
          <reporter-output>
          </reporter-output>
        </test-method> <!-- setUp -->
        <test-method signature="Login_test()[pri:0, instance:testCases.TC_002_LoginTest@6dee4f1b]" started-at="2025-12-08T21:16:50 IST" name="Login_test" finished-at="2025-12-08T21:16:52 IST" duration-ms="1529" status="PASS">
          <reporter-output>
          </reporter-output>
        </test-method> <!-- Login_test -->
        <test-method is-config="true" signature="tearDown()[pri:0, instance:testCases.TC_002_LoginTest@6dee4f1b]" started-at="2025-12-08T21:16:52 IST" name="tearDown" finished-at="2025-12-08T21:16:52 IST" duration-ms="145" status="PASS">
          <reporter-output>
          </reporter-output>
        </test-method> <!-- tearDown -->
      </class> <!-- testCases.TC_002_LoginTest -->
      <class name="testCases.TC_011_LoginDB">
        <test-method is-config="true" signature="setUp(java.lang.String,java.lang.String)[pri:0, instance:testCases.TC_011_LoginDB@797cf65c]" started-at="2025-12-08T21:18:56 IST" name="setUp" finished-at="2025-12-08T21:19:00 IST" duration-ms="4336" status="PASS">
          <params>
            <param index="0">
              <value>
                <![CDATA[Windows]]>
              </value>
            </param>
            <param index="1">
              <value>
                <![CDATA[Chrome]]>
              </value>
            </param>
          </params>
          <reporter-output>
          </reporter-output>
        </test-method> <!-- setUp -->
        <test-method signature="loginDataBase()[pri:0, instance:testCases.TC_011_LoginDB@797cf65c]" started-at="2025-12-08T21:19:00 IST" name="loginDataBase" finished-at="2025-12-08T21:19:01 IST" duration-ms="939" status="PASS">
          <reporter-output>
          </reporter-output>
        </test-method> <!-- loginDataBase -->
        <test-method is-config="true" signature="tearDown()[pri:0, instance:testCases.TC_011_LoginDB@797cf65c]" started-at="2025-12-08T21:19:01 IST" name="tearDown" finished-at="2025-12-08T21:19:01 IST" duration-ms="150" status="PASS">
          <reporter-output>
          </reporter-output>
        </test-method> <!-- tearDown -->
      </class> <!-- testCases.TC_011_LoginDB -->
      <class name="testCases.TC_009_EditAccount">
        <test-method is-config="true" signature="setUp(java.lang.String,java.lang.String)[pri:0, instance:testCases.TC_009_EditAccount@134d26af]" started-at="2025-12-08T21:18:41 IST" name="setUp" finished-at="2025-12-08T21:18:44 IST" duration-ms="3365" status="PASS">
          <params>
            <param index="0">
              <value>
                <![CDATA[Windows]]>
              </value>
            </param>
            <param index="1">
              <value>
                <![CDATA[Chrome]]>
              </value>
            </param>
          </params>
          <reporter-output>
          </reporter-output>
        </test-method> <!-- setUp -->
        <test-method signature="editAccount()[pri:0, instance:testCases.TC_009_EditAccount@134d26af]" started-at="2025-12-08T21:18:44 IST" name="editAccount" finished-at="2025-12-08T21:18:47 IST" duration-ms="3230" status="PASS">
          <reporter-output>
          </reporter-output>
        </test-method> <!-- editAccount -->
        <test-method is-config="true" signature="tearDown()[pri:0, instance:testCases.TC_009_EditAccount@134d26af]" started-at="2025-12-08T21:18:47 IST" name="tearDown" finished-at="2025-12-08T21:18:48 IST" duration-ms="147" status="PASS">
          <reporter-output>
          </reporter-output>
        </test-method> <!-- tearDown -->
      </class> <!-- testCases.TC_009_EditAccount -->
      <class name="testCases.TC_015_SubmitContactFormN">
        <test-method is-config="true" signature="setUp(java.lang.String,java.lang.String)[pri:0, instance:testCases.TC_015_SubmitContactFormN@517d4a0d]" started-at="2025-12-08T21:19:18 IST" name="setUp" finished-at="2025-12-08T21:19:21 IST" duration-ms="2762" status="PASS">
          <params>
            <param index="0">
              <value>
                <![CDATA[Windows]]>
              </value>
            </param>
            <param index="1">
              <value>
                <![CDATA[Chrome]]>
              </value>
            </param>
          </params>
          <reporter-output>
          </reporter-output>
        </test-method> <!-- setUp -->
        <test-method signature="contactFormPositive()[pri:0, instance:testCases.TC_015_SubmitContactFormN@517d4a0d]" started-at="2025-12-08T21:19:21 IST" name="contactFormPositive" finished-at="2025-12-08T21:19:24 IST" duration-ms="2280" status="PASS">
          <reporter-output>
          </reporter-output>
        </test-method> <!-- contactFormPositive -->
        <test-method is-config="true" signature="tearDown()[pri:0, instance:testCases.TC_015_SubmitContactFormN@517d4a0d]" started-at="2025-12-08T21:19:24 IST" name="tearDown" finished-at="2025-12-08T21:19:24 IST" duration-ms="155" status="PASS">
          <reporter-output>
          </reporter-output>
        </test-method> <!-- tearDown -->
      </class> <!-- testCases.TC_015_SubmitContactFormN -->
      <class name="testCases.TC_003_LoginDDT">
        <test-method is-config="true" signature="setUp(java.lang.String,java.lang.String)[pri:0, instance:testCases.TC_003_LoginDDT@176b3f44]" started-at="2025-12-08T21:16:52 IST" name="setUp" finished-at="2025-12-08T21:16:59 IST" duration-ms="7299" status="PASS">
          <params>
            <param index="0">
              <value>
                <![CDATA[Windows]]>
              </value>
            </param>
            <param index="1">
              <value>
                <![CDATA[Chrome]]>
              </value>
            </param>
          </params>
          <reporter-output>
          </reporter-output>
        </test-method> <!-- setUp -->
        <test-method signature="Login_validation(java.lang.String,java.lang.String,java.lang.String)[pri:0, instance:testCases.TC_003_LoginDDT@176b3f44]" started-at="2025-12-08T21:17:00 IST" name="Login_validation" data-provider="loginData" finished-at="2025-12-08T21:17:21 IST" duration-ms="20956" status="PASS">
          <params>
            <param index="0">
              <value>
                <![CDATA[cnh@mail.com]]>
              </value>
            </param>
            <param index="1">
              <value>
                <![CDATA[Test@123]]>
              </value>
            </param>
            <param index="2">
              <value>
                <![CDATA[Valid]]>
              </value>
            </param>
          </params>
          <reporter-output>
          </reporter-output>
        </test-method> <!-- Login_validation -->
        <test-method signature="Login_validation(java.lang.String,java.lang.String,java.lang.String)[pri:0, instance:testCases.TC_003_LoginDDT@176b3f44]" started-at="2025-12-08T21:17:21 IST" name="Login_validation" data-provider="loginData" finished-at="2025-12-08T21:17:25 IST" duration-ms="4162" status="PASS">
          <params>
            <param index="0">
              <value>
                <![CDATA[prakash@mail.com]]>
              </value>
            </param>
            <param index="1">
              <value>
                <![CDATA[test123]]>
              </value>
            </param>
            <param index="2">
              <value>
                <![CDATA[Valid]]>
              </value>
            </param>
          </params>
          <reporter-output>
          </reporter-output>
        </test-method> <!-- Login_validation -->
        <test-method signature="Login_validation(java.lang.String,java.lang.String,java.lang.String)[pri:0, instance:testCases.TC_003_LoginDDT@176b3f44]" started-at="2025-12-08T21:17:25 IST" name="Login_validation" data-provider="loginData" finished-at="2025-12-08T21:17:27 IST" duration-ms="1640" status="PASS">
          <params>
            <param index="0">
              <value>
                <![CDATA[anuka@mail.com]]>
              </value>
            </param>
            <param index="1">
              <value>
                <![CDATA[test123]]>
              </value>
            </param>
            <param index="2">
              <value>
                <![CDATA[Valid]]>
              </value>
            </param>
          </params>
          <reporter-output>
          </reporter-output>
        </test-method> <!-- Login_validation -->
        <test-method signature="Login_validation(java.lang.String,java.lang.String,java.lang.String)[pri:0, instance:testCases.TC_003_LoginDDT@176b3f44]" started-at="2025-12-08T21:17:27 IST" name="Login_validation" data-provider="loginData" finished-at="2025-12-08T21:17:37 IST" duration-ms="10066" status="FAIL">
          <params>
            <param index="0">
              <value>
                <![CDATA[sada@yahoo.com]]>
              </value>
            </param>
            <param index="1">
              <value>
                <![CDATA[Test@123]]>
              </value>
            </param>
            <param index="2">
              <value>
                <![CDATA[invalid]]>
              </value>
            </param>
          </params>
          <exception class="java.lang.AssertionError">
            <message>
              <![CDATA[null]]>
            </message>
            <full-stacktrace>
              <![CDATA[java.lang.AssertionError: null
at org.testng.Assert.fail(Assert.java:111)
at org.testng.Assert.fail(Assert.java:116)
at testCases.TC_003_LoginDDT.Login_validation(TC_003_LoginDDT.java:72)
at java.base/jdk.internal.reflect.DirectMethodHandleAccessor.invoke(DirectMethodHandleAccessor.java:103)
at java.base/java.lang.reflect.Method.invoke(Method.java:580)
at org.testng.internal.invokers.MethodInvocationHelper.invokeMethod(MethodInvocationHelper.java:141)
at org.testng.internal.invokers.TestInvoker.invokeMethod(TestInvoker.java:687)
at org.testng.internal.invokers.TestInvoker.invokeTestMethod(TestInvoker.java:230)
at org.testng.internal.invokers.MethodRunner.runInSequence(MethodRunner.java:63)
at org.testng.internal.invokers.TestInvoker$MethodInvocationAgent.invoke(TestInvoker.java:995)
at org.testng.internal.invokers.TestInvoker.invokeTestMethods(TestInvoker.java:203)
at org.testng.internal.invokers.TestMethodWorker.invokeTestMethods(TestMethodWorker.java:154)
at org.testng.internal.invokers.TestMethodWorker.run(TestMethodWorker.java:134)
at java.base/java.util.ArrayList.forEach(ArrayList.java:1596)
at org.testng.TestRunner.privateRun(TestRunner.java:741)
at org.testng.TestRunner.run(TestRunner.java:616)
at org.testng.SuiteRunner.runTest(SuiteRunner.java:421)
at org.testng.SuiteRunner.runSequentially(SuiteRunner.java:413)
at org.testng.SuiteRunner.privateRun(SuiteRunner.java:373)
at org.testng.SuiteRunner.run(SuiteRunner.java:312)
at org.testng.SuiteRunnerWorker.runSuite(SuiteRunnerWorker.java:52)
at org.testng.SuiteRunnerWorker.run(SuiteRunnerWorker.java:95)
at org.testng.TestNG.runSuitesSequentially(TestNG.java:1274)
at org.testng.TestNG.runSuitesLocally(TestNG.java:1208)
at org.testng.TestNG.runSuites(TestNG.java:1112)
at org.testng.TestNG.run(TestNG.java:1079)
at org.apache.maven.surefire.testng.TestNGExecutor.run(TestNGExecutor.java:308)
at org.apache.maven.surefire.testng.TestNGXmlTestSuite.execute(TestNGXmlTestSuite.java:71)
at org.apache.maven.surefire.testng.TestNGProvider.invoke(TestNGProvider.java:113)
at org.apache.maven.surefire.booter.ForkedBooter.runSuitesInProcess(ForkedBooter.java:385)
at org.apache.maven.surefire.booter.ForkedBooter.execute(ForkedBooter.java:162)
at org.apache.maven.surefire.booter.ForkedBooter.run(ForkedBooter.java:507)
at org.apache.maven.surefire.booter.ForkedBooter.main(ForkedBooter.java:495)
]]>
            </full-stacktrace>
          </exception> <!-- java.lang.AssertionError -->
          <reporter-output>
          </reporter-output>
        </test-method> <!-- Login_validation -->
        <test-method signature="Login_validation(java.lang.String,java.lang.String,java.lang.String)[pri:0, instance:testCases.TC_003_LoginDDT@176b3f44]" started-at="2025-12-08T21:17:37 IST" name="Login_validation" data-provider="loginData" finished-at="2025-12-08T21:17:47 IST" duration-ms="10100" status="FAIL">
          <params>
            <param index="0">
              <value>
                <![CDATA[aa@yahoo.com]]>
              </value>
            </param>
            <param index="1">
              <value>
                <![CDATA[test123]]>
              </value>
            </param>
            <param index="2">
              <value>
                <![CDATA[invalid]]>
              </value>
            </param>
          </params>
          <exception class="java.lang.AssertionError">
            <message>
              <![CDATA[null]]>
            </message>
            <full-stacktrace>
              <![CDATA[java.lang.AssertionError: null
at org.testng.Assert.fail(Assert.java:111)
at org.testng.Assert.fail(Assert.java:116)
at testCases.TC_003_LoginDDT.Login_validation(TC_003_LoginDDT.java:72)
at java.base/jdk.internal.reflect.DirectMethodHandleAccessor.invoke(DirectMethodHandleAccessor.java:103)
at java.base/java.lang.reflect.Method.invoke(Method.java:580)
at org.testng.internal.invokers.MethodInvocationHelper.invokeMethod(MethodInvocationHelper.java:141)
at org.testng.internal.invokers.TestInvoker.invokeMethod(TestInvoker.java:687)
at org.testng.internal.invokers.TestInvoker.invokeTestMethod(TestInvoker.java:230)
at org.testng.internal.invokers.MethodRunner.runInSequence(MethodRunner.java:63)
at org.testng.internal.invokers.TestInvoker$MethodInvocationAgent.invoke(TestInvoker.java:995)
at org.testng.internal.invokers.TestInvoker.invokeTestMethods(TestInvoker.java:203)
at org.testng.internal.invokers.TestMethodWorker.invokeTestMethods(TestMethodWorker.java:154)
at org.testng.internal.invokers.TestMethodWorker.run(TestMethodWorker.java:134)
at java.base/java.util.ArrayList.forEach(ArrayList.java:1596)
at org.testng.TestRunner.privateRun(TestRunner.java:741)
at org.testng.TestRunner.run(TestRunner.java:616)
at org.testng.SuiteRunner.runTest(SuiteRunner.java:421)
at org.testng.SuiteRunner.runSequentially(SuiteRunner.java:413)
at org.testng.SuiteRunner.privateRun(SuiteRunner.java:373)
at org.testng.SuiteRunner.run(SuiteRunner.java:312)
at org.testng.SuiteRunnerWorker.runSuite(SuiteRunnerWorker.java:52)
at org.testng.SuiteRunnerWorker.run(SuiteRunnerWorker.java:95)
at org.testng.TestNG.runSuitesSequentially(TestNG.java:1274)
at org.testng.TestNG.runSuitesLocally(TestNG.java:1208)
at org.testng.TestNG.runSuites(TestNG.java:1112)
at org.testng.TestNG.run(TestNG.java:1079)
at org.apache.maven.surefire.testng.TestNGExecutor.run(TestNGExecutor.java:308)
at org.apache.maven.surefire.testng.TestNGXmlTestSuite.execute(TestNGXmlTestSuite.java:71)
at org.apache.maven.surefire.testng.TestNGProvider.invoke(TestNGProvider.java:113)
at org.apache.maven.surefire.booter.ForkedBooter.runSuitesInProcess(ForkedBooter.java:385)
at org.apache.maven.surefire.booter.ForkedBooter.execute(ForkedBooter.java:162)
at org.apache.maven.surefire.booter.ForkedBooter.run(ForkedBooter.java:507)
at org.apache.maven.surefire.booter.ForkedBooter.main(ForkedBooter.java:495)
]]>
            </full-stacktrace>
          </exception> <!-- java.lang.AssertionError -->
          <reporter-output>
          </reporter-output>
        </test-method> <!-- Login_validation -->
        <test-method signature="Login_validation(java.lang.String,java.lang.String,java.lang.String)[pri:0, instance:testCases.TC_003_LoginDDT@176b3f44]" started-at="2025-12-08T21:17:47 IST" name="Login_validation" data-provider="loginData" finished-at="2025-12-08T21:17:57 IST" duration-ms="10050" status="FAIL">
          <params>
            <param index="0">
              <value>
                <![CDATA[]]>
              </value>
            </param>
            <param index="1">
              <value>
                <![CDATA[1111uuuu]]>
              </value>
            </param>
            <param index="2">
              <value>
                <![CDATA[invalid]]>
              </value>
            </param>
          </params>
          <exception class="java.lang.AssertionError">
            <message>
              <![CDATA[null]]>
            </message>
            <full-stacktrace>
              <![CDATA[java.lang.AssertionError: null
at org.testng.Assert.fail(Assert.java:111)
at org.testng.Assert.fail(Assert.java:116)
at testCases.TC_003_LoginDDT.Login_validation(TC_003_LoginDDT.java:72)
at java.base/jdk.internal.reflect.DirectMethodHandleAccessor.invoke(DirectMethodHandleAccessor.java:103)
at java.base/java.lang.reflect.Method.invoke(Method.java:580)
at org.testng.internal.invokers.MethodInvocationHelper.invokeMethod(MethodInvocationHelper.java:141)
at org.testng.internal.invokers.TestInvoker.invokeMethod(TestInvoker.java:687)
at org.testng.internal.invokers.TestInvoker.invokeTestMethod(TestInvoker.java:230)
at org.testng.internal.invokers.MethodRunner.runInSequence(MethodRunner.java:63)
at org.testng.internal.invokers.TestInvoker$MethodInvocationAgent.invoke(TestInvoker.java:995)
at org.testng.internal.invokers.TestInvoker.invokeTestMethods(TestInvoker.java:203)
at org.testng.internal.invokers.TestMethodWorker.invokeTestMethods(TestMethodWorker.java:154)
at org.testng.internal.invokers.TestMethodWorker.run(TestMethodWorker.java:134)
at java.base/java.util.ArrayList.forEach(ArrayList.java:1596)
at org.testng.TestRunner.privateRun(TestRunner.java:741)
at org.testng.TestRunner.run(TestRunner.java:616)
at org.testng.SuiteRunner.runTest(SuiteRunner.java:421)
at org.testng.SuiteRunner.runSequentially(SuiteRunner.java:413)
at org.testng.SuiteRunner.privateRun(SuiteRunner.java:373)
at org.testng.SuiteRunner.run(SuiteRunner.java:312)
at org.testng.SuiteRunnerWorker.runSuite(SuiteRunnerWorker.java:52)
at org.testng.SuiteRunnerWorker.run(SuiteRunnerWorker.java:95)
at org.testng.TestNG.runSuitesSequentially(TestNG.java:1274)
at org.testng.TestNG.runSuitesLocally(TestNG.java:1208)
at org.testng.TestNG.runSuites(TestNG.java:1112)
at org.testng.TestNG.run(TestNG.java:1079)
at org.apache.maven.surefire.testng.TestNGExecutor.run(TestNGExecutor.java:308)
at org.apache.maven.surefire.testng.TestNGXmlTestSuite.execute(TestNGXmlTestSuite.java:71)
at org.apache.maven.surefire.testng.TestNGProvider.invoke(TestNGProvider.java:113)
at org.apache.maven.surefire.booter.ForkedBooter.runSuitesInProcess(ForkedBooter.java:385)
at org.apache.maven.surefire.booter.ForkedBooter.execute(ForkedBooter.java:162)
at org.apache.maven.surefire.booter.ForkedBooter.run(ForkedBooter.java:507)
at org.apache.maven.surefire.booter.ForkedBooter.main(ForkedBooter.java:495)
]]>
            </full-stacktrace>
          </exception> <!-- java.lang.AssertionError -->
          <reporter-output>
          </reporter-output>
        </test-method> <!-- Login_validation -->
        <test-method is-config="true" signature="tearDown()[pri:0, instance:testCases.TC_003_LoginDDT@176b3f44]" started-at="2025-12-08T21:17:57 IST" name="tearDown" finished-at="2025-12-08T21:17:58 IST" duration-ms="182" status="PASS">
          <reporter-output>
          </reporter-output>
        </test-method> <!-- tearDown -->
      </class> <!-- testCases.TC_003_LoginDDT -->
      <class name="testCases.TC_014_SubmitContactFormP">
        <test-method is-config="true" signature="setUp(java.lang.String,java.lang.String)[pri:0, instance:testCases.TC_014_SubmitContactFormP@4fad9bb2]" started-at="2025-12-08T21:19:14 IST" name="setUp" finished-at="2025-12-08T21:19:16 IST" duration-ms="2646" status="PASS">
          <params>
            <param index="0">
              <value>
                <![CDATA[Windows]]>
              </value>
            </param>
            <param index="1">
              <value>
                <![CDATA[Chrome]]>
              </value>
            </param>
          </params>
          <reporter-output>
          </reporter-output>
        </test-method> <!-- setUp -->
        <test-method signature="contactFormPositive()[pri:0, instance:testCases.TC_014_SubmitContactFormP@4fad9bb2]" started-at="2025-12-08T21:19:16 IST" name="contactFormPositive" finished-at="2025-12-08T21:19:18 IST" duration-ms="2081" status="PASS">
          <reporter-output>
          </reporter-output>
        </test-method> <!-- contactFormPositive -->
        <test-method is-config="true" signature="tearDown()[pri:0, instance:testCases.TC_014_SubmitContactFormP@4fad9bb2]" started-at="2025-12-08T21:19:18 IST" name="tearDown" finished-at="2025-12-08T21:19:18 IST" duration-ms="131" status="PASS">
          <reporter-output>
          </reporter-output>
        </test-method> <!-- tearDown -->
      </class> <!-- testCases.TC_014_SubmitContactFormP -->
      <class name="testCases.TC_001_AccountRegistrationTest">
        <test-method is-config="true" signature="setUp(java.lang.String,java.lang.String)[pri:0, instance:testCases.TC_001_AccountRegistrationTest@4748a0f9]" started-at="2025-12-08T21:16:12 IST" name="setUp" finished-at="2025-12-08T21:16:33 IST" duration-ms="20833" status="PASS">
          <params>
            <param index="0">
              <value>
                <![CDATA[Windows]]>
              </value>
            </param>
            <param index="1">
              <value>
                <![CDATA[Chrome]]>
              </value>
            </param>
          </params>
          <reporter-output>
          </reporter-output>
        </test-method> <!-- setUp -->
        <test-method signature="accountCreation()[pri:0, instance:testCases.TC_001_AccountRegistrationTest@4748a0f9]" started-at="2025-12-08T21:16:33 IST" name="accountCreation" finished-at="2025-12-08T21:16:39 IST" duration-ms="6503" status="PASS">
          <reporter-output>
          </reporter-output>
        </test-method> <!-- accountCreation -->
        <test-method is-config="true" signature="tearDown()[pri:0, instance:testCases.TC_001_AccountRegistrationTest@4748a0f9]" started-at="2025-12-08T21:16:39 IST" name="tearDown" finished-at="2025-12-08T21:16:39 IST" duration-ms="146" status="PASS">
          <reporter-output>
          </reporter-output>
        </test-method> <!-- tearDown -->
      </class> <!-- testCases.TC_001_AccountRegistrationTest -->
      <class name="testCases.TC_008_UpdateAddress">
        <test-method is-config="true" signature="setUp(java.lang.String,java.lang.String)[pri:0, instance:testCases.TC_008_UpdateAddress@5d12a356]" started-at="2025-12-08T21:18:27 IST" name="setUp" finished-at="2025-12-08T21:18:31 IST" duration-ms="3735" status="PASS">
          <params>
            <param index="0">
              <value>
                <![CDATA[Windows]]>
              </value>
            </param>
            <param index="1">
              <value>
                <![CDATA[Chrome]]>
              </value>
            </param>
          </params>
          <reporter-output>
          </reporter-output>
        </test-method> <!-- setUp -->
        <test-method signature="UpdateAddress(java.util.HashMap)[pri:0, instance:testCases.TC_008_UpdateAddress@5d12a356]" started-at="2025-12-08T21:18:31 IST" name="UpdateAddress" data-provider="AddressData2" finished-at="2025-12-08T21:18:36 IST" duration-ms="5340" status="PASS">
          <params>
            <param index="0">
              <value>
                <![CDATA[{fname=aaa, country=India, lname=bbb, city=ffff, postcode=222222, company=acc, state=Karnataka, add2=eeeee, add1=ddddd}]]>
              </value>
            </param>
          </params>
          <reporter-output>
          </reporter-output>
        </test-method> <!-- UpdateAddress -->
        <test-method signature="UpdateAddress(java.util.HashMap)[pri:0, instance:testCases.TC_008_UpdateAddress@5d12a356]" started-at="2025-12-08T21:18:36 IST" name="UpdateAddress" data-provider="AddressData2" finished-at="2025-12-08T21:18:41 IST" duration-ms="4245" status="PASS">
          <params>
            <param index="0">
              <value>
                <![CDATA[{fname=AAAA, country=India, lname=BBBB, city=FFFFF, postcode=123456, company=CCCC, state=Karnataka, add2=EEEEE, add1=DDDD}]]>
              </value>
            </param>
          </params>
          <reporter-output>
          </reporter-output>
        </test-method> <!-- UpdateAddress -->
        <test-method is-config="true" signature="tearDown()[pri:0, instance:testCases.TC_008_UpdateAddress@5d12a356]" started-at="2025-12-08T21:18:41 IST" name="tearDown" finished-at="2025-12-08T21:18:41 IST" duration-ms="174" status="PASS">
          <reporter-output>
          </reporter-output>
        </test-method> <!-- tearDown -->
      </class> <!-- testCases.TC_008_UpdateAddress -->
      <class name="testCases.TC_012_NewsLetterSubscriptionYes">
        <test-method is-config="true" signature="setUp(java.lang.String,java.lang.String)[pri:0, instance:testCases.TC_012_NewsLetterSubscriptionYes@31bcf236]" started-at="2025-12-08T21:19:01 IST" name="setUp" finished-at="2025-12-08T21:19:05 IST" duration-ms="3348" status="PASS">
          <params>
            <param index="0">
              <value>
                <![CDATA[Windows]]>
              </value>
            </param>
            <param index="1">
              <value>
                <![CDATA[Chrome]]>
              </value>
            </param>
          </params>
          <reporter-output>
          </reporter-output>
        </test-method> <!-- setUp -->
        <test-method signature="NewsletterYes()[pri:0, instance:testCases.TC_012_NewsLetterSubscriptionYes@31bcf236]" started-at="2025-12-08T21:19:05 IST" name="NewsletterYes" finished-at="2025-12-08T21:19:07 IST" duration-ms="2740" status="PASS">
          <reporter-output>
          </reporter-output>
        </test-method> <!-- NewsletterYes -->
        <test-method is-config="true" signature="tearDown()[pri:0, instance:testCases.TC_012_NewsLetterSubscriptionYes@31bcf236]" started-at="2025-12-08T21:19:07 IST" name="tearDown" finished-at="2025-12-08T21:19:07 IST" duration-ms="143" status="PASS">
          <reporter-output>
          </reporter-output>
        </test-method> <!-- tearDown -->
      </class> <!-- testCases.TC_012_NewsLetterSubscriptionYes -->
      <class name="testCases.TC_010_ChangePassword">
        <test-method is-config="true" signature="setUp(java.lang.String,java.lang.String)[pri:0, instance:testCases.TC_010_ChangePassword@66ac5762]" started-at="2025-12-08T21:18:48 IST" name="setUp" finished-at="2025-12-08T21:18:53 IST" duration-ms="5069" status="PASS">
          <params>
            <param index="0">
              <value>
                <![CDATA[Windows]]>
              </value>
            </param>
            <param index="1">
              <value>
                <![CDATA[Chrome]]>
              </value>
            </param>
          </params>
          <reporter-output>
          </reporter-output>
        </test-method> <!-- setUp -->
        <test-method signature="changePassword()[pri:0, instance:testCases.TC_010_ChangePassword@66ac5762]" started-at="2025-12-08T21:18:53 IST" name="changePassword" finished-at="2025-12-08T21:18:56 IST" duration-ms="3020" status="PASS">
          <reporter-output>
          </reporter-output>
        </test-method> <!-- changePassword -->
        <test-method is-config="true" signature="tearDown()[pri:0, instance:testCases.TC_010_ChangePassword@66ac5762]" started-at="2025-12-08T21:18:56 IST" name="tearDown" finished-at="2025-12-08T21:18:56 IST" duration-ms="145" status="PASS">
          <reporter-output>
          </reporter-output>
        </test-method> <!-- tearDown -->
      </class> <!-- testCases.TC_010_ChangePassword -->
      <class name="testCases.TC_004_LogoutTest">
        <test-method is-config="true" signature="setUp(java.lang.String,java.lang.String)[pri:0, instance:testCases.TC_004_LogoutTest@6ee6f53]" started-at="2025-12-08T21:17:58 IST" name="setUp" finished-at="2025-12-08T21:18:15 IST" duration-ms="17311" status="PASS">
          <params>
            <param index="0">
              <value>
                <![CDATA[Windows]]>
              </value>
            </param>
            <param index="1">
              <value>
                <![CDATA[Chrome]]>
              </value>
            </param>
          </params>
          <reporter-output>
          </reporter-output>
        </test-method> <!-- setUp -->
        <test-method signature="logoutTest()[pri:0, instance:testCases.TC_004_LogoutTest@6ee6f53]" started-at="2025-12-08T21:18:15 IST" name="logoutTest" finished-at="2025-12-08T21:18:17 IST" duration-ms="1843" status="PASS">
          <reporter-output>
          </reporter-output>
        </test-method> <!-- logoutTest -->
        <test-method is-config="true" signature="tearDown()[pri:0, instance:testCases.TC_004_LogoutTest@6ee6f53]" started-at="2025-12-08T21:18:17 IST" name="tearDown" finished-at="2025-12-08T21:18:17 IST" duration-ms="142" status="PASS">
          <reporter-output>
          </reporter-output>
        </test-method> <!-- tearDown -->
      </class> <!-- testCases.TC_004_LogoutTest -->
    </test> <!-- EdgeTest -->
  </suite> <!-- Suite -->
</testng-results>
