<?xml version="1.0" encoding="UTF-8"?>
<testng-results ignored="0" total="1" passed="1" failed="0" skipped="0">
  <reporter-output>
  </reporter-output>
  <suite started-at="2025-08-09T13:18:56 IST" name="Suite" finished-at="2025-08-09T13:19:09 IST" duration-ms="12971">
    <groups>
    </groups>
    <test started-at="2025-08-09T13:18:56 IST" name="EdgeTest" finished-at="2025-08-09T13:19:09 IST" duration-ms="12971">
      <class name="testCases.TC_006_ValidateProductInWishlsit">
        <test-method is-config="true" signature="setUp(java.lang.String,java.lang.String)[pri:0, instance:testCases.TC_006_ValidateProductInWishlsit@4eb386df]" started-at="2025-08-09T13:18:56 IST" name="setUp" finished-at="2025-08-09T13:19:02 IST" duration-ms="6075" status="PASS">
          <params>
            <param index="0">
              <value>
                <![CDATA[Windows]]>
              </value>
            </param>
            <param index="1">
              <value>
                <![CDATA[Chrome]]>
              </value>
            </param>
          </params>
          <reporter-output>
          </reporter-output>
        </test-method> <!-- setUp -->
        <test-method signature="wishListValidation()[pri:0, instance:testCases.TC_006_ValidateProductInWishlsit@4eb386df]" started-at="2025-08-09T13:19:02 IST" name="wishListValidation" finished-at="2025-08-09T13:19:08 IST" duration-ms="6576" status="PASS">
          <reporter-output>
          </reporter-output>
        </test-method> <!-- wishListValidation -->
        <test-method is-config="true" signature="tearDown()[pri:0, instance:testCases.TC_006_ValidateProductInWishlsit@4eb386df]" started-at="2025-08-09T13:19:08 IST" name="tearDown" finished-at="2025-08-09T13:19:09 IST" duration-ms="190" status="PASS">
          <reporter-output>
          </reporter-output>
        </test-method> <!-- tearDown -->
      </class> <!-- testCases.TC_006_ValidateProductInWishlsit -->
    </test> <!-- EdgeTest -->
  </suite> <!-- Suite -->
</testng-results>
