<?xml version="1.0" encoding="UTF-8"?>
<testng-results ignored="0" total="1" passed="1" failed="0" skipped="0">
  <reporter-output>
  </reporter-output>
  <suite started-at="2025-11-21T15:46:39 IST" name="Suite" finished-at="2025-11-21T15:46:45 IST" duration-ms="6071">
    <groups>
    </groups>
    <test started-at="2025-11-21T15:46:39 IST" name="EdgeTest" finished-at="2025-11-21T15:46:45 IST" duration-ms="6071">
      <class name="testCases.TC_010_ChangePassword">
        <test-method is-config="true" signature="setUp(java.lang.String,java.lang.String)[pri:0, instance:testCases.TC_010_ChangePassword@628c4ac0]" started-at="2025-11-21T15:46:39 IST" name="setUp" finished-at="2025-11-21T15:46:42 IST" duration-ms="2851" status="PASS">
          <params>
            <param index="0">
              <value>
                <![CDATA[Windows]]>
              </value>
            </param>
            <param index="1">
              <value>
                <![CDATA[Chrome]]>
              </value>
            </param>
          </params>
          <reporter-output>
          </reporter-output>
        </test-method> <!-- setUp -->
        <test-method signature="changePassword()[pri:0, instance:testCases.TC_010_ChangePassword@628c4ac0]" started-at="2025-11-21T15:46:42 IST" name="changePassword" finished-at="2025-11-21T15:46:45 IST" duration-ms="2926" status="PASS">
          <reporter-output>
          </reporter-output>
        </test-method> <!-- changePassword -->
        <test-method is-config="true" signature="tearDown()[pri:0, instance:testCases.TC_010_ChangePassword@628c4ac0]" started-at="2025-11-21T15:46:45 IST" name="tearDown" finished-at="2025-11-21T15:46:45 IST" duration-ms="138" status="PASS">
          <reporter-output>
          </reporter-output>
        </test-method> <!-- tearDown -->
      </class> <!-- testCases.TC_010_ChangePassword -->
    </test> <!-- EdgeTest -->
  </suite> <!-- Suite -->
</testng-results>
