<?xml version="1.0" encoding="UTF-8"?>
<!-- Generated by org.testng.reporters.JUnitReportReporter -->
<testsuite hostname="LAPTOP-C12P7LSH" failures="0" tests="2" name="testCases.TC_008_UpdateAddress" time="9.585" errors="0" timestamp="2025-12-08T21:19:25 IST" skipped="0">
  <testcase classname="testCases.TC_008_UpdateAddress" name="UpdateAddress" time="4.245"/>
  <testcase classname="testCases.TC_008_UpdateAddress" name="UpdateAddress" time="5.340"/>
</testsuite> <!-- testCases.TC_008_UpdateAddress -->
