<?xml version="1.0" encoding="UTF-8"?>
<!-- Generated by org.testng.reporters.JUnitReportReporter -->
<testsuite hostname="LAPTOP-C12P7LSH" failures="0" tests="4" name="testCases.TC_019_LoginTestValidAndInvalidCred" time="3.258" errors="0" timestamp="2025-12-24T09:54:57 IST" skipped="0">
  <testcase classname="testCases.TC_019_LoginTestValidAndInvalidCred" name="ValidLoginTest" time="2.130"/>
  <testcase classname="testCases.TC_019_LoginTestValidAndInvalidCred" name="ValidLoginTest" time="0.000"/>
  <testcase classname="testCases.TC_019_LoginTestValidAndInvalidCred" name="InvalidLoginTest" time="0.001"/>
  <testcase classname="testCases.TC_019_LoginTestValidAndInvalidCred" name="InvalidLoginTest" time="1.127"/>
</testsuite> <!-- testCases.TC_019_LoginTestValidAndInvalidCred -->
